Deployment completed
Deployment completed
Deployment completed

[2026-03-23 02:54:24.630099] === DEPLOY STARTED: https://github.com/nayanika0609-eng/Urban-Heat-Pollution-Analyzer @ main ===
[2026-03-23 02:54:24.630099] RUNNING: git clone --branch main https://github.com/nayanika0609-eng/Urban-Heat-Pollution-Analyzer repo_tmp
[2026-03-24 01:31:23.706905] === DEPLOY STARTED: https://github.com/nayanika0609-eng/Urban-Heat-Pollution-Analyzer @ main ===
[2026-03-24 01:31:23.707906] RUNNING: git clone --branch main https://github.com/nayanika0609-eng/Urban-Heat-Pollution-Analyzer repo_tmp
[2026-03-24 19:34:49.815777] === DEPLOY STARTED: https://github.com/nayanika0609-eng/Urban-Heat-Pollution-Analyzer @ main ===
[2026-03-24 19:34:49.817211] RUNNING: git clone --branch main https://github.com/nayanika0609-eng/Urban-Heat-Pollution-Analyzer repo_tmp
[2026-03-24 19:34:49.948005] ERROR: fatal: destination path 'repo_tmp' already exists and is not an empty directory.
[2026-03-24 19:34:49.948005] === DEPLOY FAILED in 0.22s ===
[2026-03-24 19:35:02.293859] === DEPLOY STARTED: https://github.com/nayanika0609-eng/Urban-Heat-Pollution-Analyzer @ main ===
[2026-03-24 19:35:02.293859] RUNNING: git clone --branch main https://github.com/nayanika0609-eng/Urban-Heat-Pollution-Analyzer repo_tmp
[2026-03-24 19:35:02.427548] ERROR: fatal: destination path 'repo_tmp' already exists and is not an empty directory.
[2026-03-24 19:35:02.427548] === DEPLOY FAILED in 0.13s ===
[2026-03-24 19:35:12.189246] === DEPLOY STARTED: https://github.com/nayanika0609-eng/Urban-Heat-Pollution-Analyzer @ main ===
[2026-03-24 19:35:12.189246] RUNNING: git clone --branch main https://github.com/nayanika0609-eng/Urban-Heat-Pollution-Analyzer repo_tmp
[2026-03-24 19:35:12.313369] ERROR: fatal: destination path 'repo_tmp' already exists and is not an empty directory.
[2026-03-24 19:35:12.313369] === DEPLOY FAILED in 0.13s ===
[2026-03-25 01:41:11.532479] === DEPLOY STARTED: https://github.com/HimanshuBhat001/CloudSage-AI @ main ===
[2026-03-25 01:41:11.532479] Delete attempt 1 failed: [WinError 5] Access is denied: 'C:\\Users\\Nayanika Prasad\\Desktop\\DevOps Portal\\backend\\repo_tmp\\.git\\objects\\pack\\pack-6baa1c99712c7204ae13869b9e1ebb6c69c50d0f.idx'
[2026-03-25 01:41:12.541081] Delete attempt 2 failed: [WinError 5] Access is denied: 'C:\\Users\\Nayanika Prasad\\Desktop\\DevOps Portal\\backend\\repo_tmp\\.git\\objects\\pack\\pack-6baa1c99712c7204ae13869b9e1ebb6c69c50d0f.idx'
[2026-03-25 01:41:13.556152] Delete attempt 3 failed: [WinError 5] Access is denied: 'C:\\Users\\Nayanika Prasad\\Desktop\\DevOps Portal\\backend\\repo_tmp\\.git\\objects\\pack\\pack-6baa1c99712c7204ae13869b9e1ebb6c69c50d0f.idx'
[2026-03-25 01:41:14.565402] ERROR during cleanup: Failed to delete C:\Users\Nayanika Prasad\Desktop\DevOps Portal\backend\repo_tmp
[2026-03-25 01:48:50.744507] === DEPLOY STARTED: https://github.com/HimanshuBhat001/port-scanner @ main ===
[2026-03-25 01:48:51.665414] Killed git/ssh processes (if any)
[2026-03-25 01:48:52.681638] RUNNING: git clone --branch main https://github.com/HimanshuBhat001/port-scanner C:\Users\Nayanika Prasad\Desktop\DevOps Portal\backend\repo_1774383530
[2026-03-25 01:48:58.704680] STDERR:
Cloning into 'C:\Users\Nayanika Prasad\Desktop\DevOps Portal\backend\repo_1774383530'...

[2026-03-25 01:58:20.327251] === DEPLOY STARTED: https://github.com/HimanshuBhat001/port-scanner @ main ===
[2026-03-25 01:58:22.113690] Killed git/ssh processes (if any)
[2026-03-25 01:58:23.132860] RUNNING: git clone --branch main https://github.com/HimanshuBhat001/port-scanner C:\Users\Nayanika Prasad\Desktop\DevOps Portal\backend\repo_1774384100
[2026-03-25 01:58:23.595620] Cloning into 'C:\Users\Nayanika Prasad\Desktop\DevOps Portal\backend\repo_1774384100'...
[2026-03-25 02:03:21.402229] === DEPLOY STARTED: https://github.com/HimanshuBhat001/port-scanner @ main ===
[2026-03-25 02:03:23.921473] Killed git/ssh processes (if any)
[2026-03-25 02:03:25.187326] RUNNING: git -c credential.helper= -c core.askpass= -c http.sslVerify=false clone --progress --branch main https://github.com/HimanshuBhat001/port-scanner C:\Users\Nayanika Prasad\Desktop\DevOps Portal\backend\repo_1774384401
[2026-03-25 02:03:26.622747] Cloning into 'C:\Users\Nayanika Prasad\Desktop\DevOps Portal\backend\repo_1774384401'...
[2026-03-25 02:03:28.941665] remote: Enumerating objects: 32, done.
[2026-03-25 02:03:29.058017] remote: Counting objects:   3% (1/32)
[2026-03-25 02:03:29.061452] remote: Counting objects:   6% (2/32)
[2026-03-25 02:03:29.065786] remote: Counting objects:   9% (3/32)
[2026-03-25 02:03:29.077588] remote: Counting objects:  12% (4/32)
[2026-03-25 02:03:29.089351] remote: Counting objects:  15% (5/32)
[2026-03-25 02:03:29.102772] remote: Counting objects:  18% (6/32)
[2026-03-25 02:03:29.104579] remote: Counting objects:  21% (7/32)
[2026-03-25 02:03:29.124859] remote: Counting objects:  25% (8/32)
[2026-03-25 02:03:29.236960] remote: Counting objects:  28% (9/32)
[2026-03-25 02:03:29.243682] remote: Counting objects:  31% (10/32)
[2026-03-25 02:03:29.251176] remote: Counting objects:  34% (11/32)
[2026-03-25 02:03:29.257997] remote: Counting objects:  37% (12/32)
[2026-03-25 02:03:29.262580] remote: Counting objects:  40% (13/32)
[2026-03-25 02:03:29.277061] remote: Counting objects:  43% (14/32)
[2026-03-25 02:03:29.380733] remote: Counting objects:  46% (15/32)
[2026-03-25 02:03:29.390469] remote: Counting objects:  50% (16/32)
[2026-03-25 02:03:29.399252] remote: Counting objects:  53% (17/32)
[2026-03-25 02:03:29.401453] remote: Counting objects:  56% (18/32)
[2026-03-25 02:03:29.422506] remote: Counting objects:  59% (19/32)
[2026-03-25 02:03:29.422506] remote: Counting objects:  62% (20/32)
[2026-03-25 02:03:29.525103] remote: Counting objects:  65% (21/32)
[2026-03-25 02:03:29.527679] remote: Counting objects:  68% (22/32)
[2026-03-25 02:03:29.536944] remote: Counting objects:  71% (23/32)
[2026-03-25 02:03:29.679032] remote: Counting objects:  75% (24/32)
[2026-03-25 02:03:29.691387] remote: Counting objects:  78% (25/32)
[2026-03-25 02:03:29.814522] remote: Counting objects:  81% (26/32)
[2026-03-25 02:03:30.027927] remote: Counting objects:  84% (27/32)
[2026-03-25 02:03:30.061890] remote: Counting objects:  87% (28/32)
[2026-03-25 02:03:30.096626] remote: Counting objects:  90% (29/32)
[2026-03-25 02:03:30.119132] remote: Counting objects:  93% (30/32)
[2026-03-25 02:03:30.138433] remote: Counting objects:  96% (31/32)
[2026-03-25 02:03:30.159746] remote: Counting objects: 100% (32/32)
[2026-03-25 02:03:30.206483] remote: Counting objects: 100% (32/32), done.
[2026-03-25 02:03:30.227382] remote: Compressing objects:   3% (1/28)
[2026-03-25 02:03:30.234336] remote: Compressing objects:   7% (2/28)
[2026-03-25 02:03:30.248469] remote: Compressing objects:  10% (3/28)
[2026-03-25 02:03:30.253459] remote: Compressing objects:  14% (4/28)
[2026-03-25 02:03:30.261883] remote: Compressing objects:  17% (5/28)
[2026-03-25 02:03:30.280142] remote: Compressing objects:  21% (6/28)
[2026-03-25 02:03:30.300487] remote: Compressing objects:  25% (7/28)
[2026-03-25 02:03:30.307453] remote: Compressing objects:  28% (8/28)
[2026-03-25 02:03:30.320546] remote: Compressing objects:  32% (9/28)
[2026-03-25 02:03:30.324594] remote: Compressing objects:  35% (10/28)
[2026-03-25 02:03:30.329927] remote: Compressing objects:  39% (11/28)
[2026-03-25 02:03:30.336773] remote: Compressing objects:  42% (12/28)
[2026-03-25 02:03:30.336773] remote: Compressing objects:  46% (13/28)
[2026-03-25 02:03:30.345967] remote: Compressing objects:  50% (14/28)
[2026-03-25 02:03:30.350483] remote: Compressing objects:  53% (15/28)
[2026-03-25 02:03:30.353371] remote: Compressing objects:  57% (16/28)
[2026-03-25 02:03:30.359233] remote: Compressing objects:  60% (17/28)
[2026-03-25 02:03:30.365916] remote: Compressing objects:  64% (18/28)
[2026-03-25 02:03:30.371927] remote: Compressing objects:  67% (19/28)
[2026-03-25 02:03:30.379157] remote: Compressing objects:  71% (20/28)
[2026-03-25 02:03:30.387388] remote: Compressing objects:  75% (21/28)
[2026-03-25 02:03:30.395264] remote: Compressing objects:  78% (22/28)
[2026-03-25 02:03:30.407217] remote: Compressing objects:  82% (23/28)
[2026-03-25 02:03:30.412281] remote: Compressing objects:  85% (24/28)
[2026-03-25 02:03:30.417310] remote: Compressing objects:  89% (25/28)
[2026-03-25 02:03:30.422539] remote: Compressing objects:  92% (26/28)
[2026-03-25 02:03:30.428697] remote: Compressing objects:  96% (27/28)
[2026-03-25 02:03:30.432547] remote: Compressing objects: 100% (28/28)
[2026-03-25 02:03:30.435782] remote: Compressing objects: 100% (28/28), done.
[2026-03-25 02:03:30.444175] Receiving objects:   3% (1/32)
[2026-03-25 02:03:30.449339] Receiving objects:   6% (2/32)
[2026-03-25 02:03:30.454727] Receiving objects:   9% (3/32)
[2026-03-25 02:03:30.456047] Receiving objects:  12% (4/32)
[2026-03-25 02:03:30.461947] Receiving objects:  15% (5/32)
[2026-03-25 02:03:30.469692] Receiving objects:  18% (6/32)
[2026-03-25 02:03:30.474474] Receiving objects:  21% (7/32)
[2026-03-25 02:03:30.482086] Receiving objects:  25% (8/32)
[2026-03-25 02:03:30.488488] Receiving objects:  28% (9/32)
[2026-03-25 02:03:30.493922] Receiving objects:  31% (10/32)
[2026-03-25 02:03:30.503516] Receiving objects:  34% (11/32)
[2026-03-25 02:03:30.503516] Receiving objects:  37% (12/32)
[2026-03-25 02:03:30.503516] Receiving objects:  40% (13/32)
[2026-03-25 02:03:30.516241] Receiving objects:  43% (14/32)
[2026-03-25 02:03:30.523837] remote: Total 32 (delta 6), reused 0 (delta 0), pack-reused 0 (from 0)
[2026-03-25 02:03:30.531900] Receiving objects:  46% (15/32)
[2026-03-25 02:03:30.547320] Receiving objects:  50% (16/32)
[2026-03-25 02:03:30.571491] Receiving objects:  53% (17/32)
[2026-03-25 02:03:30.586296] Receiving objects:  56% (18/32)
[2026-03-25 02:03:30.603628] Receiving objects:  59% (19/32)
[2026-03-25 02:03:30.624820] Receiving objects:  62% (20/32)
[2026-03-25 02:03:30.643702] Receiving objects:  65% (21/32)
[2026-03-25 02:03:30.666342] Receiving objects:  68% (22/32)
[2026-03-25 02:03:30.690678] Receiving objects:  71% (23/32)
[2026-03-25 02:03:30.715194] Receiving objects:  75% (24/32)
[2026-03-25 02:03:30.739575] Receiving objects:  78% (25/32)
[2026-03-25 02:03:30.760919] Receiving objects:  81% (26/32)
[2026-03-25 02:03:30.768160] Receiving objects:  84% (27/32)
[2026-03-25 02:03:30.775392] Receiving objects:  87% (28/32)
[2026-03-25 02:03:30.782338] Receiving objects:  90% (29/32)
[2026-03-25 02:03:30.786920] Receiving objects:  93% (30/32)
[2026-03-25 02:03:30.791322] Receiving objects:  96% (31/32)
[2026-03-25 02:03:30.793877] Receiving objects: 100% (32/32)
[2026-03-25 02:03:30.793877] Receiving objects: 100% (32/32), 40.95 KiB | 5.12 MiB/s, done.
[2026-03-25 02:03:30.799104] Resolving deltas:   0% (0/6)
[2026-03-25 02:03:30.801587] Resolving deltas:  16% (1/6)
[2026-03-25 02:03:30.815400] Resolving deltas:  33% (2/6)
[2026-03-25 02:03:30.815400] Resolving deltas:  50% (3/6)
[2026-03-25 02:03:30.818812] Resolving deltas:  66% (4/6)
[2026-03-25 02:03:30.822034] Resolving deltas:  83% (5/6)
[2026-03-25 02:03:30.822034] Resolving deltas: 100% (6/6)
[2026-03-25 02:03:30.825497] Resolving deltas: 100% (6/6), done.
[2026-03-25 02:03:32.949071] Updating files:  71% (5/7)
[2026-03-25 02:03:33.323193] Updating files:  85% (6/7)
[2026-03-25 02:03:33.336612] Updating files: 100% (7/7)
[2026-03-25 02:03:33.345022] Updating files: 100% (7/7), done.
[2026-03-25 02:14:12.842948] === DEPLOY STARTED: https://github.com/HimanshuBhat001/port-scanner @ main ===
[2026-03-25 02:14:15.021736] Killed git/ssh processes (if any)
[2026-03-25 02:14:16.259916] RUNNING: git -c credential.helper= -c core.askpass= -c http.sslVerify=false clone --progress --branch main https://github.com/HimanshuBhat001/port-scanner C:\Users\Nayanika Prasad\Desktop\DevOps Portal\backend\repo_1774385052
[2026-03-25 02:14:16.792622] Cloning into 'C:\Users\Nayanika Prasad\Desktop\DevOps Portal\backend\repo_1774385052'...
[2026-03-25 02:14:18.408430] remote: Enumerating objects: 32, done.
[2026-03-25 02:14:18.411264] remote: Counting objects:   3% (1/32)
[2026-03-25 02:14:18.411969] remote: Counting objects:   6% (2/32)
[2026-03-25 02:14:18.510223] remote: Counting objects:   9% (3/32)
[2026-03-25 02:14:18.513610] remote: Counting objects:  12% (4/32)
[2026-03-25 02:14:18.515628] remote: Counting objects:  15% (5/32)
[2026-03-25 02:14:18.520936] remote: Counting objects:  18% (6/32)
[2026-03-25 02:14:18.522127] remote: Counting objects:  21% (7/32)
[2026-03-25 02:14:18.527731] remote: Counting objects:  25% (8/32)
[2026-03-25 02:14:18.717330] remote: Counting objects:  28% (9/32)
[2026-03-25 02:14:18.832700] remote: Counting objects:  31% (10/32)
[2026-03-25 02:14:18.843823] remote: Counting objects:  34% (11/32)
[2026-03-25 02:14:18.855359] remote: Counting objects:  37% (12/32)
[2026-03-25 02:14:18.856834] remote: Counting objects:  40% (13/32)
[2026-03-25 02:14:18.959870] remote: Counting objects:  43% (14/32)
[2026-03-25 02:14:18.959870] remote: Counting objects:  46% (15/32)
[2026-03-25 02:14:18.961893] remote: Counting objects:  50% (16/32)
[2026-03-25 02:14:18.966209] remote: Counting objects:  53% (17/32)
[2026-03-25 02:14:18.967255] remote: Counting objects:  56% (18/32)
[2026-03-25 02:14:18.995292] remote: Counting objects:  59% (19/32)
[2026-03-25 02:14:19.000676] remote: Counting objects:  62% (20/32)
[2026-03-25 02:14:19.006417] remote: Counting objects:  65% (21/32)
[2026-03-25 02:14:19.120729] remote: Counting objects:  68% (22/32)
[2026-03-25 02:14:19.128587] remote: Counting objects:  71% (23/32)
[2026-03-25 02:14:19.383152] remote: Counting objects:  75% (24/32)
[2026-03-25 02:14:19.411155] remote: Counting objects:  78% (25/32)
[2026-03-25 02:14:19.413195] remote: Counting objects:  81% (26/32)
[2026-03-25 02:14:19.416415] remote: Counting objects:  84% (27/32)
[2026-03-25 02:14:19.419645] remote: Counting objects:  87% (28/32)
[2026-03-25 02:14:19.425178] remote: Counting objects:  90% (29/32)
[2026-03-25 02:14:19.427972] remote: Counting objects:  93% (30/32)
[2026-03-25 02:14:19.442594] remote: Counting objects:  96% (31/32)
[2026-03-25 02:14:19.529291] remote: Counting objects: 100% (32/32)
[2026-03-25 02:14:19.537146] remote: Counting objects: 100% (32/32), done.
[2026-03-25 02:14:19.548055] remote: Compressing objects:   3% (1/28)
[2026-03-25 02:14:19.853361] remote: Compressing objects:   7% (2/28)
[2026-03-25 02:14:19.869296] remote: Compressing objects:  10% (3/28)
[2026-03-25 02:14:19.876577] remote: Compressing objects:  14% (4/28)
[2026-03-25 02:14:19.989417] remote: Compressing objects:  17% (5/28)
[2026-03-25 02:14:20.003057] remote: Compressing objects:  21% (6/28)
[2026-03-25 02:14:20.017070] remote: Compressing objects:  25% (7/28)
[2026-03-25 02:14:20.026235] remote: Compressing objects:  28% (8/28)
[2026-03-25 02:14:20.134062] remote: Compressing objects:  32% (9/28)
[2026-03-25 02:14:20.160839] remote: Compressing objects:  35% (10/28)
[2026-03-25 02:14:20.177857] remote: Compressing objects:  39% (11/28)
[2026-03-25 02:14:20.369327] remote: Compressing objects:  42% (12/28)
[2026-03-25 02:14:20.382751] remote: Compressing objects:  46% (13/28)
[2026-03-25 02:14:20.389182] remote: Compressing objects:  50% (14/28)
[2026-03-25 02:14:20.450099] remote: Compressing objects:  53% (15/28)
[2026-03-25 02:14:20.503405] remote: Compressing objects:  57% (16/28)
[2026-03-25 02:14:20.506322] remote: Compressing objects:  60% (17/28)
[2026-03-25 02:14:20.509653] remote: Compressing objects:  64% (18/28)
[2026-03-25 02:14:20.511283] remote: Compressing objects:  67% (19/28)
[2026-03-25 02:14:20.763869] remote: Compressing objects:  71% (20/28)
[2026-03-25 02:14:21.008066] remote: Compressing objects:  75% (21/28)
[2026-03-25 02:14:21.021219] remote: Compressing objects:  78% (22/28)
[2026-03-25 02:14:21.130884] remote: Compressing objects:  82% (23/28)
[2026-03-25 02:14:21.143835] remote: Compressing objects:  85% (24/28)
[2026-03-25 02:14:21.145432] remote: Compressing objects:  89% (25/28)
[2026-03-25 02:14:21.148188] remote: Compressing objects:  92% (26/28)
[2026-03-25 02:14:21.163553] remote: Compressing objects:  96% (27/28)
[2026-03-25 02:14:21.169034] remote: Compressing objects: 100% (28/28)
[2026-03-25 02:14:21.286294] remote: Compressing objects: 100% (28/28), done.
[2026-03-25 02:14:21.428091] Receiving objects:   3% (1/32)
[2026-03-25 02:14:21.491092] Receiving objects:   6% (2/32)
[2026-03-25 02:14:21.509613] Receiving objects:   9% (3/32)
[2026-03-25 02:14:21.520415] Receiving objects:  12% (4/32)
[2026-03-25 02:14:21.526735] Receiving objects:  15% (5/32)
[2026-03-25 02:14:21.528757] Receiving objects:  18% (6/32)
[2026-03-25 02:14:21.633448] Receiving objects:  21% (7/32)
[2026-03-25 02:14:21.649210] Receiving objects:  25% (8/32)
[2026-03-25 02:14:21.765249] Receiving objects:  28% (9/32)
[2026-03-25 02:14:22.050479] Receiving objects:  31% (10/32)
[2026-03-25 02:14:22.071751] Receiving objects:  34% (11/32)
[2026-03-25 02:14:22.173304] Receiving objects:  37% (12/32)
[2026-03-25 02:14:22.181172] Receiving objects:  40% (13/32)
[2026-03-25 02:14:22.189315] Receiving objects:  43% (14/32)
[2026-03-25 02:14:22.294463] remote: Total 32 (delta 6), reused 0 (delta 0), pack-reused 0 (from 0)
[2026-03-25 02:14:22.294980] Receiving objects:  46% (15/32)
[2026-03-25 02:14:22.299433] Receiving objects:  50% (16/32)
[2026-03-25 02:14:22.304341] Receiving objects:  53% (17/32)
[2026-03-25 02:14:22.307444] Receiving objects:  56% (18/32)
[2026-03-25 02:14:22.308682] Receiving objects:  59% (19/32)
[2026-03-25 02:14:22.399807] Receiving objects:  62% (20/32)
[2026-03-25 02:14:22.416755] Receiving objects:  65% (21/32)
[2026-03-25 02:14:22.425895] Receiving objects:  68% (22/32)
[2026-03-25 02:14:22.432015] Receiving objects:  71% (23/32)
[2026-03-25 02:14:22.469014] Receiving objects:  75% (24/32)
[2026-03-25 02:14:22.527136] Receiving objects:  78% (25/32)
[2026-03-25 02:14:22.530801] Receiving objects:  81% (26/32)
[2026-03-25 02:14:22.534945] Receiving objects:  84% (27/32)
[2026-03-25 02:14:22.536965] Receiving objects:  87% (28/32)
[2026-03-25 02:14:22.536965] Receiving objects:  90% (29/32)
[2026-03-25 02:14:22.544369] Receiving objects:  93% (30/32)
[2026-03-25 02:14:22.645556] Receiving objects:  96% (31/32)
[2026-03-25 02:14:22.655632] Receiving objects: 100% (32/32)
[2026-03-25 02:14:22.770506] Receiving objects: 100% (32/32), 40.95 KiB | 6.82 MiB/s, done.
[2026-03-25 02:14:22.774502] Resolving deltas:   0% (0/6)
[2026-03-25 02:14:22.779515] Resolving deltas:  16% (1/6)
[2026-03-25 02:14:22.784113] Resolving deltas:  33% (2/6)
[2026-03-25 02:14:22.790486] Resolving deltas:  50% (3/6)
[2026-03-25 02:14:22.951957] Resolving deltas:  66% (4/6)
[2026-03-25 02:14:22.958955] Resolving deltas:  83% (5/6)
[2026-03-25 02:14:22.967775] Resolving deltas: 100% (6/6)
[2026-03-25 02:14:22.973250] Resolving deltas: 100% (6/6), done.
[2026-03-25 02:20:39.512676] === DEPLOY STARTED: https://github.com/HimanshuBhat001/port-scanner @ main ===
[2026-03-25 02:20:40.978485] Killed git/ssh processes (if any)
[2026-03-25 02:20:41.999749] RUNNING: git -c credential.helper= -c core.askpass= -c http.sslVerify=false clone --progress --branch main https://github.com/HimanshuBhat001/port-scanner C:\Users\Nayanika Prasad\Desktop\DevOps Portal\backend\repo_1774385439
[2026-03-25 02:20:42.274449] Cloning into 'C:\Users\Nayanika Prasad\Desktop\DevOps Portal\backend\repo_1774385439'...
[2026-03-25 02:20:44.365588] remote: Enumerating objects: 32, done.
[2026-03-25 02:20:44.367507] remote: Counting objects:   3% (1/32)
[2026-03-25 02:20:44.368523] remote: Counting objects:   6% (2/32)
[2026-03-25 02:20:44.369044] remote: Counting objects:   9% (3/32)
[2026-03-25 02:20:44.369358] remote: Counting objects:  12% (4/32)
[2026-03-25 02:20:44.370669] remote: Counting objects:  15% (5/32)
[2026-03-25 02:20:44.373467] remote: Counting objects:  18% (6/32)
[2026-03-25 02:20:44.374217] remote: Counting objects:  21% (7/32)
[2026-03-25 02:20:44.374217] remote: Counting objects:  25% (8/32)
[2026-03-25 02:20:44.375702] remote: Counting objects:  28% (9/32)
[2026-03-25 02:20:44.522342] remote: Counting objects:  31% (10/32)
[2026-03-25 02:20:44.550110] remote: Counting objects:  34% (11/32)
[2026-03-25 02:20:44.568215] remote: Counting objects:  37% (12/32)
[2026-03-25 02:20:44.716868] remote: Counting objects:  40% (13/32)
[2026-03-25 02:20:44.860737] remote: Counting objects:  43% (14/32)
[2026-03-25 02:20:44.874909] remote: Counting objects:  46% (15/32)
[2026-03-25 02:20:45.007648] remote: Counting objects:  50% (16/32)
[2026-03-25 02:20:45.147727] remote: Counting objects:  53% (17/32)
[2026-03-25 02:20:45.286734] remote: Counting objects:  56% (18/32)
[2026-03-25 02:20:45.437631] remote: Counting objects:  59% (19/32)
[2026-03-25 02:20:45.631171] remote: Counting objects:  62% (20/32)
[2026-03-25 02:20:45.633724] remote: Counting objects:  65% (21/32)
[2026-03-25 02:20:45.646054] remote: Counting objects:  68% (22/32)
[2026-03-25 02:20:45.646054] remote: Counting objects:  71% (23/32)
[2026-03-25 02:20:45.647104] remote: Counting objects:  75% (24/32)
[2026-03-25 02:20:45.647104] remote: Counting objects:  78% (25/32)
[2026-03-25 02:20:45.915726] remote: Counting objects:  81% (26/32)
[2026-03-25 02:20:46.036718] remote: Counting objects:  84% (27/32)
[2026-03-25 02:20:46.039504] remote: Counting objects:  87% (28/32)
[2026-03-25 02:20:46.039504] remote: Counting objects:  90% (29/32)
[2026-03-25 02:20:46.039504] remote: Counting objects:  93% (30/32)
[2026-03-25 02:20:46.526429] remote: Counting objects:  96% (31/32)
[2026-03-25 02:20:46.529734] remote: Counting objects: 100% (32/32)
[2026-03-25 02:20:46.554500] remote: Counting objects: 100% (32/32), done.
[2026-03-25 02:20:46.556516] remote: Compressing objects:   3% (1/28)
[2026-03-25 02:20:46.558530] remote: Compressing objects:   7% (2/28)
[2026-03-25 02:20:46.566239] remote: Compressing objects:  10% (3/28)
[2026-03-25 02:20:46.570017] remote: Compressing objects:  14% (4/28)
[2026-03-25 02:20:46.737405] remote: Compressing objects:  17% (5/28)
[2026-03-25 02:20:46.854410] remote: Compressing objects:  21% (6/28)
[2026-03-25 02:20:46.875221] remote: Compressing objects:  25% (7/28)
[2026-03-25 02:20:46.994412] remote: Compressing objects:  28% (8/28)
[2026-03-25 02:20:47.097944] remote: Compressing objects:  32% (9/28)
[2026-03-25 02:20:47.137126] remote: Compressing objects:  35% (10/28)
[2026-03-25 02:20:47.272252] remote: Compressing objects:  39% (11/28)
[2026-03-25 02:20:47.286665] remote: Compressing objects:  42% (12/28)
[2026-03-25 02:20:47.296624] remote: Compressing objects:  46% (13/28)
[2026-03-25 02:20:47.415075] remote: Compressing objects:  50% (14/28)
[2026-03-25 02:20:47.432734] remote: Compressing objects:  53% (15/28)
[2026-03-25 02:20:47.438009] remote: Compressing objects:  57% (16/28)
[2026-03-25 02:20:47.450673] remote: Compressing objects:  60% (17/28)
[2026-03-25 02:20:47.555895] remote: Compressing objects:  64% (18/28)
[2026-03-25 02:20:47.574727] remote: Compressing objects:  67% (19/28)
[2026-03-25 02:20:47.594224] remote: Compressing objects:  71% (20/28)
[2026-03-25 02:20:47.609391] remote: Compressing objects:  75% (21/28)
[2026-03-25 02:20:47.619741] remote: Compressing objects:  78% (22/28)
[2026-03-25 02:20:47.728867] remote: Compressing objects:  82% (23/28)
[2026-03-25 02:20:47.756978] remote: Compressing objects:  85% (24/28)
[2026-03-25 02:20:47.766842] remote: Compressing objects:  89% (25/28)
[2026-03-25 02:20:47.888665] remote: Compressing objects:  92% (26/28)
[2026-03-25 02:20:47.895599] remote: Compressing objects:  96% (27/28)
[2026-03-25 02:20:47.899661] remote: Compressing objects: 100% (28/28)
[2026-03-25 02:20:47.904408] remote: Compressing objects: 100% (28/28), done.
[2026-03-25 02:20:47.924722] Receiving objects:   3% (1/32)
[2026-03-25 02:20:48.032913] Receiving objects:   6% (2/32)
[2026-03-25 02:20:48.048040] Receiving objects:   9% (3/32)
[2026-03-25 02:20:48.062062] Receiving objects:  12% (4/32)
[2026-03-25 02:20:48.068124] Receiving objects:  15% (5/32)
[2026-03-25 02:20:48.075755] Receiving objects:  18% (6/32)
[2026-03-25 02:20:48.079702] Receiving objects:  21% (7/32)
[2026-03-25 02:20:48.083388] Receiving objects:  25% (8/32)
[2026-03-25 02:20:48.193921] Receiving objects:  28% (9/32)
[2026-03-25 02:20:48.222812] Receiving objects:  31% (10/32)
[2026-03-25 02:20:48.229628] Receiving objects:  34% (11/32)
[2026-03-25 02:20:48.229628] Receiving objects:  37% (12/32)
[2026-03-25 02:20:48.234415] Receiving objects:  40% (13/32)
[2026-03-25 02:20:48.247593] Receiving objects:  43% (14/32)
[2026-03-25 02:20:48.356136] remote: Total 32 (delta 6), reused 0 (delta 0), pack-reused 0 (from 0)
[2026-03-25 02:20:48.368712] Receiving objects:  46% (15/32)
[2026-03-25 02:20:48.371007] Receiving objects:  50% (16/32)
[2026-03-25 02:20:48.375053] Receiving objects:  53% (17/32)
[2026-03-25 02:20:48.505847] Receiving objects:  56% (18/32)
[2026-03-25 02:20:48.597978] Receiving objects:  59% (19/32)
[2026-03-25 02:20:48.610630] Receiving objects:  62% (20/32)
[2026-03-25 02:20:48.618543] Receiving objects:  65% (21/32)
[2026-03-25 02:20:48.721785] Receiving objects:  68% (22/32)
[2026-03-25 02:20:48.738002] Receiving objects:  71% (23/32)
[2026-03-25 02:20:48.863106] Receiving objects:  75% (24/32)
[2026-03-25 02:20:48.876250] Receiving objects:  78% (25/32)
[2026-03-25 02:20:48.886454] Receiving objects:  81% (26/32)
[2026-03-25 02:20:48.998009] Receiving objects:  84% (27/32)
[2026-03-25 02:20:49.006695] Receiving objects:  87% (28/32)
[2026-03-25 02:20:49.110331] Receiving objects:  90% (29/32)
[2026-03-25 02:20:49.123643] Receiving objects:  93% (30/32)
[2026-03-25 02:20:49.244593] Receiving objects:  96% (31/32)
[2026-03-25 02:20:49.249303] Receiving objects: 100% (32/32)
[2026-03-25 02:20:49.353121] Receiving objects: 100% (32/32), 40.95 KiB | 5.85 MiB/s, done.
[2026-03-25 02:20:49.363229] Resolving deltas:   0% (0/6)
[2026-03-25 02:20:49.407529] Resolving deltas:  16% (1/6)
[2026-03-25 02:20:49.463321] Resolving deltas:  33% (2/6)
[2026-03-25 02:20:49.466052] Resolving deltas:  50% (3/6)
[2026-03-25 02:20:49.468283] Resolving deltas:  66% (4/6)
[2026-03-25 02:20:49.470307] Resolving deltas:  83% (5/6)
[2026-03-25 02:20:49.471388] Resolving deltas: 100% (6/6)
[2026-03-25 02:20:49.471388] Resolving deltas: 100% (6/6), done.
[2026-03-25 02:42:36.534017] === DEPLOY STARTED: https://github.com/HimanshuBhat001/port-scanner @ main ===
[2026-03-25 02:42:37.790003] Killed git/ssh processes (if any)
[2026-03-25 02:42:38.798821] RUNNING: git -c credential.helper= -c core.askpass= -c http.sslVerify=false clone --progress --branch main https://github.com/HimanshuBhat001/port-scanner C:\Users\Nayanika Prasad\Desktop\DevOps Portal\backend\repo_1774386756
[2026-03-25 02:42:39.059397] Cloning into 'C:\Users\Nayanika Prasad\Desktop\DevOps Portal\backend\repo_1774386756'...
[2026-03-25 02:42:41.214674] remote: Enumerating objects: 32, done.
[2026-03-25 02:42:41.217199] remote: Counting objects:   3% (1/32)
[2026-03-25 02:42:41.223435] remote: Counting objects:   6% (2/32)
[2026-03-25 02:42:41.228467] remote: Counting objects:   9% (3/32)
[2026-03-25 02:42:41.228467] remote: Counting objects:  12% (4/32)
[2026-03-25 02:42:41.228467] remote: Counting objects:  15% (5/32)
[2026-03-25 02:42:41.230483] remote: Counting objects:  18% (6/32)
[2026-03-25 02:42:41.231058] remote: Counting objects:  21% (7/32)
[2026-03-25 02:42:41.232962] remote: Counting objects:  25% (8/32)
[2026-03-25 02:42:41.233782] remote: Counting objects:  28% (9/32)
[2026-03-25 02:42:41.233782] remote: Counting objects:  31% (10/32)
[2026-03-25 02:42:41.234720] remote: Counting objects:  34% (11/32)
[2026-03-25 02:42:41.234720] remote: Counting objects:  37% (12/32)
[2026-03-25 02:42:41.235394] remote: Counting objects:  40% (13/32)
[2026-03-25 02:42:41.237108] remote: Counting objects:  43% (14/32)
[2026-03-25 02:42:41.237616] remote: Counting objects:  46% (15/32)
[2026-03-25 02:42:41.242087] remote: Counting objects:  50% (16/32)
[2026-03-25 02:42:41.253847] remote: Counting objects:  53% (17/32)
[2026-03-25 02:42:41.254915] remote: Counting objects:  56% (18/32)
[2026-03-25 02:42:41.254915] remote: Counting objects:  59% (19/32)
[2026-03-25 02:42:41.256293] remote: Counting objects:  62% (20/32)
[2026-03-25 02:42:41.256293] remote: Counting objects:  65% (21/32)
[2026-03-25 02:42:41.257379] remote: Counting objects:  68% (22/32)
[2026-03-25 02:42:41.257982] remote: Counting objects:  71% (23/32)
[2026-03-25 02:42:41.257982] remote: Counting objects:  75% (24/32)
[2026-03-25 02:42:41.260948] remote: Counting objects:  78% (25/32)
[2026-03-25 02:42:41.262003] remote: Counting objects:  81% (26/32)
[2026-03-25 02:42:41.264628] remote: Counting objects:  84% (27/32)
[2026-03-25 02:42:41.264628] remote: Counting objects:  87% (28/32)
[2026-03-25 02:42:41.265269] remote: Counting objects:  90% (29/32)
[2026-03-25 02:42:41.368884] remote: Counting objects:  93% (30/32)
[2026-03-25 02:42:41.374063] remote: Counting objects:  96% (31/32)
[2026-03-25 02:42:41.379221] remote: Counting objects: 100% (32/32)
[2026-03-25 02:42:41.381105] remote: Counting objects: 100% (32/32), done.
[2026-03-25 02:42:41.382941] remote: Compressing objects:   3% (1/28)
[2026-03-25 02:42:41.386455] remote: Compressing objects:   7% (2/28)
[2026-03-25 02:42:41.433971] remote: Compressing objects:  10% (3/28)
[2026-03-25 02:42:41.479567] remote: Compressing objects:  14% (4/28)
[2026-03-25 02:42:41.487585] remote: Compressing objects:  17% (5/28)
[2026-03-25 02:42:41.493916] remote: Compressing objects:  21% (6/28)
[2026-03-25 02:42:41.500840] remote: Compressing objects:  25% (7/28)
[2026-03-25 02:42:41.501500] remote: Compressing objects:  28% (8/28)
[2026-03-25 02:42:41.507508] remote: Compressing objects:  32% (9/28)
[2026-03-25 02:42:41.604065] remote: Compressing objects:  35% (10/28)
[2026-03-25 02:42:41.618141] remote: Compressing objects:  39% (11/28)
[2026-03-25 02:42:41.625737] remote: Compressing objects:  42% (12/28)
[2026-03-25 02:42:41.632762] remote: Compressing objects:  46% (13/28)
[2026-03-25 02:42:41.635603] remote: Compressing objects:  50% (14/28)
[2026-03-25 02:42:41.635603] remote: Compressing objects:  53% (15/28)
[2026-03-25 02:42:41.638106] remote: Compressing objects:  57% (16/28)
[2026-03-25 02:42:41.642956] remote: Compressing objects:  60% (17/28)
[2026-03-25 02:42:41.644242] remote: Compressing objects:  64% (18/28)
[2026-03-25 02:42:41.645735] remote: Compressing objects:  67% (19/28)
[2026-03-25 02:42:41.651635] remote: Compressing objects:  71% (20/28)
[2026-03-25 02:42:41.757166] remote: Compressing objects:  75% (21/28)
[2026-03-25 02:42:41.764683] remote: Compressing objects:  78% (22/28)
[2026-03-25 02:42:41.770256] remote: Compressing objects:  82% (23/28)
[2026-03-25 02:42:41.771297] remote: Compressing objects:  85% (24/28)
[2026-03-25 02:42:41.772456] remote: Compressing objects:  89% (25/28)
[2026-03-25 02:42:41.776399] remote: Compressing objects:  92% (26/28)
[2026-03-25 02:42:41.781304] remote: Compressing objects:  96% (27/28)
[2026-03-25 02:42:41.783321] remote: Compressing objects: 100% (28/28)
[2026-03-25 02:42:41.784517] remote: Compressing objects: 100% (28/28), done.
[2026-03-25 02:42:41.832036] Receiving objects:   3% (1/32)
[2026-03-25 02:42:41.901259] Receiving objects:   6% (2/32)
[2026-03-25 02:42:41.916559] Receiving objects:   9% (3/32)
[2026-03-25 02:42:41.916559] Receiving objects:  12% (4/32)
[2026-03-25 02:42:41.916559] Receiving objects:  15% (5/32)
[2026-03-25 02:42:41.916559] Receiving objects:  18% (6/32)
[2026-03-25 02:42:41.919288] Receiving objects:  21% (7/32)
[2026-03-25 02:42:41.921969] Receiving objects:  25% (8/32)
[2026-03-25 02:42:41.930768] Receiving objects:  28% (9/32)
[2026-03-25 02:42:41.938095] Receiving objects:  31% (10/32)
[2026-03-25 02:42:41.942682] Receiving objects:  34% (11/32)
[2026-03-25 02:42:41.949944] Receiving objects:  37% (12/32)
[2026-03-25 02:42:42.054356] Receiving objects:  40% (13/32)
[2026-03-25 02:42:42.061525] Receiving objects:  43% (14/32)
[2026-03-25 02:42:42.077707] remote: Total 32 (delta 6), reused 0 (delta 0), pack-reused 0 (from 0)
[2026-03-25 02:42:42.082816] Receiving objects:  46% (15/32)
[2026-03-25 02:42:42.089155] Receiving objects:  50% (16/32)
[2026-03-25 02:42:42.094407] Receiving objects:  53% (17/32)
[2026-03-25 02:42:42.097085] Receiving objects:  56% (18/32)
[2026-03-25 02:42:42.103452] Receiving objects:  59% (19/32)
[2026-03-25 02:42:42.104433] Receiving objects:  62% (20/32)
[2026-03-25 02:42:42.206179] Receiving objects:  65% (21/32)
[2026-03-25 02:42:42.215396] Receiving objects:  68% (22/32)
[2026-03-25 02:42:42.222801] Receiving objects:  71% (23/32)
[2026-03-25 02:42:42.228505] Receiving objects:  75% (24/32)
[2026-03-25 02:42:42.231886] Receiving objects:  78% (25/32)
[2026-03-25 02:42:42.236516] Receiving objects:  81% (26/32)
[2026-03-25 02:42:42.237418] Receiving objects:  84% (27/32)
[2026-03-25 02:42:42.237418] Receiving objects:  87% (28/32)
[2026-03-25 02:42:42.238722] Receiving objects:  90% (29/32)
[2026-03-25 02:42:42.239808] Receiving objects:  93% (30/32)
[2026-03-25 02:42:42.242770] Receiving objects:  96% (31/32)
[2026-03-25 02:42:42.246723] Receiving objects: 100% (32/32)
[2026-03-25 02:42:42.254682] Receiving objects: 100% (32/32), 40.95 KiB | 6.82 MiB/s, done.
[2026-03-25 02:42:42.256520] Resolving deltas:   0% (0/6)
[2026-03-25 02:42:42.275077] Resolving deltas:  16% (1/6)
[2026-03-25 02:42:42.308876] Resolving deltas:  33% (2/6)
[2026-03-25 02:42:42.347490] Resolving deltas:  50% (3/6)
[2026-03-25 02:42:42.353339] Resolving deltas:  66% (4/6)
[2026-03-25 02:42:42.354479] Resolving deltas:  83% (5/6)
[2026-03-25 02:42:42.360083] Resolving deltas: 100% (6/6)
[2026-03-25 02:42:42.361575] Resolving deltas: 100% (6/6), done.
[2026-03-25 02:42:47.012230] Updating files: 100% (7/7)
[2026-03-25 02:42:47.013663] Updating files: 100% (7/7), done.
[2026-03-25 02:50:42.678873] === DEPLOY STARTED: https://github.com/HimanshuBhat001/port-scanner @ main ===
[2026-03-25 02:50:43.559111] Killed git/ssh processes (if any)
[2026-03-25 02:50:44.579092] RUNNING: git -c credential.helper= -c core.askpass= -c http.sslVerify=false clone --progress --branch main https://github.com/HimanshuBhat001/port-scanner C:\Users\Nayanika Prasad\Desktop\DevOps Portal\backend\repo_1774387242
[2026-03-25 02:50:44.927992] Cloning into 'C:\Users\Nayanika Prasad\Desktop\DevOps Portal\backend\repo_1774387242'...
[2026-03-25 02:50:46.736179] remote: Enumerating objects: 32, done.
[2026-03-25 02:50:46.748153] remote: Counting objects:   3% (1/32)
[2026-03-25 02:50:46.771831] remote: Counting objects:   6% (2/32)
[2026-03-25 02:50:46.907778] remote: Counting objects:   9% (3/32)
[2026-03-25 02:50:46.959382] remote: Counting objects:  12% (4/32)
[2026-03-25 02:50:47.101205] remote: Counting objects:  15% (5/32)
[2026-03-25 02:50:47.122068] remote: Counting objects:  18% (6/32)
[2026-03-25 02:50:47.224822] remote: Counting objects:  21% (7/32)
[2026-03-25 02:50:47.233998] remote: Counting objects:  25% (8/32)
[2026-03-25 02:50:47.247506] remote: Counting objects:  28% (9/32)
[2026-03-25 02:50:47.257892] remote: Counting objects:  31% (10/32)
[2026-03-25 02:50:47.265661] remote: Counting objects:  34% (11/32)
[2026-03-25 02:50:47.364879] remote: Counting objects:  37% (12/32)
[2026-03-25 02:50:47.399899] remote: Counting objects:  40% (13/32)
[2026-03-25 02:50:47.418792] remote: Counting objects:  43% (14/32)
[2026-03-25 02:50:47.530027] remote: Counting objects:  46% (15/32)
[2026-03-25 02:50:47.677260] remote: Counting objects:  50% (16/32)
[2026-03-25 02:50:47.693279] remote: Counting objects:  53% (17/32)
[2026-03-25 02:50:47.701839] remote: Counting objects:  56% (18/32)
[2026-03-25 02:50:47.709321] remote: Counting objects:  59% (19/32)
[2026-03-25 02:50:47.830890] remote: Counting objects:  62% (20/32)
[2026-03-25 02:50:47.865657] remote: Counting objects:  65% (21/32)
[2026-03-25 02:50:47.876078] remote: Counting objects:  68% (22/32)
[2026-03-25 02:50:47.891969] remote: Counting objects:  71% (23/32)
[2026-03-25 02:50:48.004293] remote: Counting objects:  75% (24/32)
[2026-03-25 02:50:48.143481] remote: Counting objects:  78% (25/32)
[2026-03-25 02:50:48.237291] remote: Counting objects:  81% (26/32)
[2026-03-25 02:50:48.254214] remote: Counting objects:  84% (27/32)
[2026-03-25 02:50:48.365108] remote: Counting objects:  87% (28/32)
[2026-03-25 02:50:48.376243] remote: Counting objects:  90% (29/32)
[2026-03-25 02:50:48.475878] remote: Counting objects:  93% (30/32)
[2026-03-25 02:50:48.739161] remote: Counting objects:  96% (31/32)
[2026-03-25 02:50:48.835107] remote: Counting objects: 100% (32/32)
[2026-03-25 02:50:48.843392] remote: Counting objects: 100% (32/32), done.
[2026-03-25 02:50:48.857393] remote: Compressing objects:   3% (1/28)
[2026-03-25 02:50:48.968349] remote: Compressing objects:   7% (2/28)
[2026-03-25 02:50:48.980708] remote: Compressing objects:  10% (3/28)
[2026-03-25 02:50:49.100822] remote: Compressing objects:  14% (4/28)
[2026-03-25 02:50:49.114887] remote: Compressing objects:  17% (5/28)
[2026-03-25 02:50:49.132621] remote: Compressing objects:  21% (6/28)
[2026-03-25 02:50:49.147646] remote: Compressing objects:  25% (7/28)
[2026-03-25 02:50:49.326459] remote: Compressing objects:  28% (8/28)
[2026-03-25 02:50:49.445592] remote: Compressing objects:  32% (9/28)
[2026-03-25 02:50:49.474189] remote: Compressing objects:  35% (10/28)
[2026-03-25 02:50:49.613719] remote: Compressing objects:  39% (11/28)
[2026-03-25 02:50:49.753268] remote: Compressing objects:  42% (12/28)
[2026-03-25 02:50:49.782373] remote: Compressing objects:  46% (13/28)
[2026-03-25 02:50:49.909954] remote: Compressing objects:  50% (14/28)
[2026-03-25 02:50:50.043803] remote: Compressing objects:  53% (15/28)
[2026-03-25 02:50:50.056884] remote: Compressing objects:  57% (16/28)
[2026-03-25 02:50:50.187864] remote: Compressing objects:  60% (17/28)
[2026-03-25 02:50:50.206629] remote: Compressing objects:  64% (18/28)
[2026-03-25 02:50:50.283430] remote: Compressing objects:  67% (19/28)
[2026-03-25 02:50:50.321363] remote: Compressing objects:  71% (20/28)
[2026-03-25 02:50:50.338813] remote: Compressing objects:  75% (21/28)
[2026-03-25 02:50:50.344017] remote: Compressing objects:  78% (22/28)
[2026-03-25 02:50:50.348071] remote: Compressing objects:  82% (23/28)
[2026-03-25 02:50:50.354078] remote: Compressing objects:  85% (24/28)
[2026-03-25 02:50:50.360479] remote: Compressing objects:  89% (25/28)
[2026-03-25 02:50:50.458423] remote: Compressing objects:  92% (26/28)
[2026-03-25 02:50:50.466188] remote: Compressing objects:  96% (27/28)
[2026-03-25 02:50:50.473283] remote: Compressing objects: 100% (28/28)
[2026-03-25 02:50:50.482972] remote: Compressing objects: 100% (28/28), done.
[2026-03-25 02:50:50.618403] Receiving objects:   3% (1/32)
[2026-03-25 02:50:50.638607] Receiving objects:   6% (2/32)
[2026-03-25 02:50:50.642562] Receiving objects:   9% (3/32)
[2026-03-25 02:50:50.649085] Receiving objects:  12% (4/32)
[2026-03-25 02:50:50.655230] Receiving objects:  15% (5/32)
[2026-03-25 02:50:50.661617] Receiving objects:  18% (6/32)
[2026-03-25 02:50:50.759659] Receiving objects:  21% (7/32)
[2026-03-25 02:50:50.773549] Receiving objects:  25% (8/32)
[2026-03-25 02:50:50.782149] Receiving objects:  28% (9/32)
[2026-03-25 02:50:50.898441] Receiving objects:  31% (10/32)
[2026-03-25 02:50:50.911366] Receiving objects:  34% (11/32)
[2026-03-25 02:50:50.920208] Receiving objects:  37% (12/32)
[2026-03-25 02:50:50.927060] Receiving objects:  40% (13/32)
[2026-03-25 02:50:51.034752] Receiving objects:  43% (14/32)
[2026-03-25 02:50:51.043191] remote: Total 32 (delta 6), reused 0 (delta 0), pack-reused 0 (from 0)
[2026-03-25 02:50:51.046070] Receiving objects:  46% (15/32)
[2026-03-25 02:50:51.052330] Receiving objects:  50% (16/32)
[2026-03-25 02:50:51.176913] Receiving objects:  53% (17/32)
[2026-03-25 02:50:51.187788] Receiving objects:  56% (18/32)
[2026-03-25 02:50:51.194482] Receiving objects:  59% (19/32)
[2026-03-25 02:50:51.201087] Receiving objects:  62% (20/32)
[2026-03-25 02:50:51.204952] Receiving objects:  65% (21/32)
[2026-03-25 02:50:51.209569] Receiving objects:  68% (22/32)
[2026-03-25 02:50:51.224270] Receiving objects:  71% (23/32)
[2026-03-25 02:50:51.228767] Receiving objects:  75% (24/32)
[2026-03-25 02:50:51.328396] Receiving objects:  78% (25/32)
[2026-03-25 02:50:51.346415] Receiving objects:  81% (26/32)
[2026-03-25 02:50:51.355332] Receiving objects:  84% (27/32)
[2026-03-25 02:50:51.370347] Receiving objects:  87% (28/32)
[2026-03-25 02:50:51.381373] Receiving objects:  90% (29/32)
[2026-03-25 02:50:51.477022] Receiving objects:  93% (30/32)
[2026-03-25 02:50:51.502120] Receiving objects:  96% (31/32)
[2026-03-25 02:50:51.511744] Receiving objects: 100% (32/32)
[2026-03-25 02:50:51.523766] Receiving objects: 100% (32/32), 40.95 KiB | 2.15 MiB/s, done.
[2026-03-25 02:50:51.634828] Resolving deltas:   0% (0/6)
[2026-03-25 02:50:51.641924] Resolving deltas:  16% (1/6)
[2026-03-25 02:50:51.648237] Resolving deltas:  33% (2/6)
[2026-03-25 02:50:51.654579] Resolving deltas:  50% (3/6)
[2026-03-25 02:50:51.654579] Resolving deltas:  66% (4/6)
[2026-03-25 02:50:51.664645] Resolving deltas:  83% (5/6)
[2026-03-25 02:50:51.674489] Resolving deltas: 100% (6/6)
[2026-03-25 02:50:51.679723] Resolving deltas: 100% (6/6), done.
[2026-03-25 02:50:52.779326] ✓ Done
[2026-03-25 02:50:52.789343] No requirements.txt found, skipping dependency install
[2026-03-25 02:50:52.888780] === DEPLOY SUCCESS in 10.21s ===
[2026-03-25 02:57:24.183132] === DEPLOY STARTED: https://github.com/HimanshuBhat001/adaptive-password-risk-analyzer @ main ===
[2026-03-25 02:57:25.129701] Killed git/ssh processes (if any)
[2026-03-25 02:57:26.139611] RUNNING: git -c credential.helper= -c core.askpass= -c http.sslVerify=false clone --progress --branch main https://github.com/HimanshuBhat001/adaptive-password-risk-analyzer C:\Users\Nayanika Prasad\Desktop\DevOps Portal\backend\repo_1774387644
[2026-03-25 02:57:26.355390] Cloning into 'C:\Users\Nayanika Prasad\Desktop\DevOps Portal\backend\repo_1774387644'...
[2026-03-25 02:57:27.493505] remote: Enumerating objects: 42, done.
[2026-03-25 02:57:27.494624] remote: Counting objects:   2% (1/42)
[2026-03-25 02:57:27.499924] remote: Counting objects:   4% (2/42)
[2026-03-25 02:57:27.501804] remote: Counting objects:   7% (3/42)
[2026-03-25 02:57:27.508332] remote: Counting objects:   9% (4/42)
[2026-03-25 02:57:27.508332] remote: Counting objects:  11% (5/42)
[2026-03-25 02:57:27.514230] remote: Counting objects:  14% (6/42)
[2026-03-25 02:57:27.514898] remote: Counting objects:  16% (7/42)
[2026-03-25 02:57:27.625427] remote: Counting objects:  19% (8/42)
[2026-03-25 02:57:27.632390] remote: Counting objects:  21% (9/42)
[2026-03-25 02:57:27.738864] remote: Counting objects:  23% (10/42)
[2026-03-25 02:57:27.771333] remote: Counting objects:  26% (11/42)
[2026-03-25 02:57:27.779784] remote: Counting objects:  28% (12/42)
[2026-03-25 02:57:27.950773] remote: Counting objects:  30% (13/42)
[2026-03-25 02:57:27.959719] remote: Counting objects:  33% (14/42)
[2026-03-25 02:57:28.069747] remote: Counting objects:  35% (15/42)
[2026-03-25 02:57:28.076741] remote: Counting objects:  38% (16/42)
[2026-03-25 02:57:28.083984] remote: Counting objects:  40% (17/42)
[2026-03-25 02:57:28.202091] remote: Counting objects:  42% (18/42)
[2026-03-25 02:57:28.208821] remote: Counting objects:  45% (19/42)
[2026-03-25 02:57:28.214333] remote: Counting objects:  47% (20/42)
[2026-03-25 02:57:28.224696] remote: Counting objects:  50% (21/42)
[2026-03-25 02:57:28.234297] remote: Counting objects:  52% (22/42)
[2026-03-25 02:57:28.236336] remote: Counting objects:  54% (23/42)
[2026-03-25 02:57:28.236336] remote: Counting objects:  57% (24/42)
[2026-03-25 02:57:28.377325] remote: Counting objects:  59% (25/42)
[2026-03-25 02:57:28.725341] remote: Counting objects:  61% (26/42)
[2026-03-25 02:57:28.727373] remote: Counting objects:  64% (27/42)
[2026-03-25 02:57:28.730747] remote: Counting objects:  66% (28/42)
[2026-03-25 02:57:28.735455] remote: Counting objects:  69% (29/42)
[2026-03-25 02:57:28.739943] remote: Counting objects:  71% (30/42)
[2026-03-25 02:57:28.740489] remote: Counting objects:  73% (31/42)
[2026-03-25 02:57:28.740489] remote: Counting objects:  76% (32/42)
[2026-03-25 02:57:28.740489] remote: Counting objects:  78% (33/42)
[2026-03-25 02:57:28.740489] remote: Counting objects:  80% (34/42)
[2026-03-25 02:57:28.740489] remote: Counting objects:  83% (35/42)
[2026-03-25 02:57:28.740489] remote: Counting objects:  85% (36/42)
[2026-03-25 02:57:28.740489] remote: Counting objects:  88% (37/42)
[2026-03-25 02:57:28.740489] remote: Counting objects:  90% (38/42)
[2026-03-25 02:57:28.771975] remote: Counting objects:  92% (39/42)
[2026-03-25 02:57:28.880387] remote: Counting objects:  95% (40/42)
[2026-03-25 02:57:28.891170] remote: Counting objects:  97% (41/42)
[2026-03-25 02:57:28.995393] remote: Counting objects: 100% (42/42)
[2026-03-25 02:57:29.005298] remote: Counting objects: 100% (42/42), done.
[2026-03-25 02:57:29.014861] remote: Compressing objects:   2% (1/39)
[2026-03-25 02:57:29.119394] remote: Compressing objects:   5% (2/39)
[2026-03-25 02:57:29.125991] remote: Compressing objects:   7% (3/39)
[2026-03-25 02:57:29.144815] remote: Compressing objects:  10% (4/39)
[2026-03-25 02:57:29.150898] remote: Compressing objects:  12% (5/39)
[2026-03-25 02:57:29.160802] remote: Compressing objects:  15% (6/39)
[2026-03-25 02:57:29.173002] remote: Compressing objects:  17% (7/39)
[2026-03-25 02:57:29.175028] remote: Compressing objects:  20% (8/39)
[2026-03-25 02:57:29.179858] remote: Compressing objects:  23% (9/39)
[2026-03-25 02:57:29.185261] remote: Compressing objects:  25% (10/39)
[2026-03-25 02:57:29.187311] remote: Compressing objects:  28% (11/39)
[2026-03-25 02:57:29.189329] remote: Compressing objects:  30% (12/39)
[2026-03-25 02:57:29.195638] remote: Compressing objects:  33% (13/39)
[2026-03-25 02:57:29.292122] remote: Compressing objects:  35% (14/39)
[2026-03-25 02:57:29.305292] remote: Compressing objects:  38% (15/39)
[2026-03-25 02:57:29.314189] remote: Compressing objects:  41% (16/39)
[2026-03-25 02:57:29.319552] remote: Compressing objects:  43% (17/39)
[2026-03-25 02:57:29.326307] remote: Compressing objects:  46% (18/39)
[2026-03-25 02:57:29.331729] remote: Compressing objects:  48% (19/39)
[2026-03-25 02:57:29.347154] remote: Compressing objects:  51% (20/39)
[2026-03-25 02:57:29.485070] remote: Compressing objects:  53% (21/39)
[2026-03-25 02:57:29.603725] remote: Compressing objects:  56% (22/39)
[2026-03-25 02:57:29.626028] remote: Compressing objects:  58% (23/39)
[2026-03-25 02:57:29.632442] remote: Compressing objects:  61% (24/39)
[2026-03-25 02:57:29.642623] remote: Compressing objects:  64% (25/39)
[2026-03-25 02:57:29.758411] remote: Compressing objects:  66% (26/39)
[2026-03-25 02:57:29.772441] remote: Compressing objects:  69% (27/39)
[2026-03-25 02:57:29.778081] remote: Compressing objects:  71% (28/39)
[2026-03-25 02:57:29.781006] remote: Compressing objects:  74% (29/39)
[2026-03-25 02:57:29.786478] remote: Compressing objects:  76% (30/39)
[2026-03-25 02:57:29.789999] remote: Compressing objects:  79% (31/39)
[2026-03-25 02:57:29.796113] remote: Compressing objects:  82% (32/39)
[2026-03-25 02:57:29.896430] remote: Compressing objects:  84% (33/39)
[2026-03-25 02:57:29.910707] remote: Compressing objects:  87% (34/39)
[2026-03-25 02:57:29.924875] remote: Compressing objects:  89% (35/39)
[2026-03-25 02:57:29.945091] remote: Compressing objects:  92% (36/39)
[2026-03-25 02:57:30.048573] remote: Compressing objects:  94% (37/39)
[2026-03-25 02:57:30.070026] remote: Compressing objects:  97% (38/39)
[2026-03-25 02:57:30.077733] remote: Compressing objects: 100% (39/39)
[2026-03-25 02:57:30.090492] remote: Compressing objects: 100% (39/39), done.
[2026-03-25 02:57:30.093430] Receiving objects:   2% (1/42)
[2026-03-25 02:57:30.191187] Receiving objects:   4% (2/42)
[2026-03-25 02:57:30.221305] Receiving objects:   7% (3/42)
[2026-03-25 02:57:30.228569] Receiving objects:   9% (4/42)
[2026-03-25 02:57:30.233322] Receiving objects:  11% (5/42)
[2026-03-25 02:57:30.241408] Receiving objects:  14% (6/42)
[2026-03-25 02:57:30.244465] Receiving objects:  16% (7/42)
[2026-03-25 02:57:30.291723] Receiving objects:  19% (8/42)
[2026-03-25 02:57:30.348074] Receiving objects:  21% (9/42)
[2026-03-25 02:57:30.363488] Receiving objects:  23% (10/42)
[2026-03-25 02:57:30.583972] Receiving objects:  26% (11/42)
[2026-03-25 02:57:30.591932] Receiving objects:  28% (12/42)
[2026-03-25 02:57:30.599140] Receiving objects:  30% (13/42)
[2026-03-25 02:57:30.605001] Receiving objects:  33% (14/42)
[2026-03-25 02:57:30.700003] Receiving objects:  35% (15/42)
[2026-03-25 02:57:30.706349] Receiving objects:  38% (16/42)
[2026-03-25 02:57:30.712815] remote: Total 42 (delta 9), reused 0 (delta 0), pack-reused 0 (from 0)
[2026-03-25 02:57:30.713831] Receiving objects:  40% (17/42)
[2026-03-25 02:57:30.719807] Receiving objects:  42% (18/42)
[2026-03-25 02:57:30.723397] Receiving objects:  45% (19/42)
[2026-03-25 02:57:30.825770] Receiving objects:  47% (20/42)
[2026-03-25 02:57:30.829690] Receiving objects:  50% (21/42)
[2026-03-25 02:57:30.834542] Receiving objects:  52% (22/42)
[2026-03-25 02:57:30.841273] Receiving objects:  54% (23/42)
[2026-03-25 02:57:30.846232] Receiving objects:  57% (24/42)
[2026-03-25 02:57:30.943499] Receiving objects:  59% (25/42)
[2026-03-25 02:57:30.959255] Receiving objects:  61% (26/42)
[2026-03-25 02:57:30.966753] Receiving objects:  64% (27/42)
[2026-03-25 02:57:31.131101] Receiving objects:  66% (28/42)
[2026-03-25 02:57:31.135155] Receiving objects:  69% (29/42)
[2026-03-25 02:57:31.145217] Receiving objects:  71% (30/42)
[2026-03-25 02:57:31.241400] Receiving objects:  73% (31/42)
[2026-03-25 02:57:31.252474] Receiving objects:  76% (32/42)
[2026-03-25 02:57:31.263094] Receiving objects:  78% (33/42)
[2026-03-25 02:57:31.484224] Receiving objects:  80% (34/42)
[2026-03-25 02:57:31.625221] Receiving objects:  83% (35/42)
[2026-03-25 02:57:31.735181] Receiving objects:  85% (36/42)
[2026-03-25 02:57:31.900287] Receiving objects:  88% (37/42)
[2026-03-25 02:57:31.921867] Receiving objects:  90% (38/42)
[2026-03-25 02:57:31.945464] Receiving objects:  92% (39/42)
[2026-03-25 02:57:32.054871] Receiving objects:  95% (40/42)
[2026-03-25 02:57:32.076760] Receiving objects:  97% (41/42)
[2026-03-25 02:57:32.186404] Receiving objects: 100% (42/42)
[2026-03-25 02:57:32.339986] Receiving objects: 100% (42/42), 44.93 KiB | 4.08 MiB/s, done.
[2026-03-25 02:57:32.450727] Resolving deltas:   0% (0/9)
[2026-03-25 02:57:32.466791] Resolving deltas:  11% (1/9)
[2026-03-25 02:57:32.597808] Resolving deltas:  22% (2/9)
[2026-03-25 02:57:32.605975] Resolving deltas:  33% (3/9)
[2026-03-25 02:57:32.611451] Resolving deltas:  44% (4/9)
[2026-03-25 02:57:32.618953] Resolving deltas:  55% (5/9)
[2026-03-25 02:57:32.713364] Resolving deltas:  66% (6/9)
[2026-03-25 02:57:32.728829] Resolving deltas:  77% (7/9)
[2026-03-25 02:57:32.742811] Resolving deltas:  88% (8/9)
[2026-03-25 02:57:32.749192] Resolving deltas: 100% (9/9)
[2026-03-25 02:57:32.764530] Resolving deltas: 100% (9/9), done.
[2026-03-25 02:57:34.613911] ✓ Done
[2026-03-25 02:57:34.620177] No requirements.txt found, skipping dependency install
[2026-03-25 02:57:34.689659] === DEPLOY SUCCESS in 10.51s ===
[2026-03-25 03:02:54.519776] === DEPLOY STARTED: https://github.com/HimanshuBhat001/adaptive-password-risk-analyzer @ main ===
[2026-03-25 03:02:57.484980] Killed git/ssh processes (if any)
[2026-03-25 03:02:58.515513] RUNNING: git -c credential.helper= -c core.askpass= -c http.sslVerify=false clone --progress --branch main https://github.com/HimanshuBhat001/adaptive-password-risk-analyzer C:\Users\Nayanika Prasad\Desktop\DevOps Portal\backend\repo_1774387974
[2026-03-25 03:02:58.777338] Cloning into 'C:\Users\Nayanika Prasad\Desktop\DevOps Portal\backend\repo_1774387974'...
[2026-03-25 03:03:03.363841] remote: Enumerating objects: 42, done.
[2026-03-25 03:03:03.371296] remote: Counting objects:   2% (1/42)
[2026-03-25 03:03:03.372851] remote: Counting objects:   4% (2/42)
[2026-03-25 03:03:03.378673] remote: Counting objects:   7% (3/42)
[2026-03-25 03:03:03.383905] remote: Counting objects:   9% (4/42)
[2026-03-25 03:03:03.385205] remote: Counting objects:  11% (5/42)
[2026-03-25 03:03:03.387547] remote: Counting objects:  14% (6/42)
[2026-03-25 03:03:03.482781] remote: Counting objects:  16% (7/42)
[2026-03-25 03:03:03.497405] remote: Counting objects:  19% (8/42)
[2026-03-25 03:03:03.516413] remote: Counting objects:  21% (9/42)
[2026-03-25 03:03:03.523532] remote: Counting objects:  23% (10/42)
[2026-03-25 03:03:03.636916] remote: Counting objects:  26% (11/42)
[2026-03-25 03:03:03.671661] remote: Counting objects:  28% (12/42)
[2026-03-25 03:03:03.681722] remote: Counting objects:  30% (13/42)
[2026-03-25 03:03:03.698171] remote: Counting objects:  33% (14/42)
[2026-03-25 03:03:03.711125] remote: Counting objects:  35% (15/42)
[2026-03-25 03:03:03.718736] remote: Counting objects:  38% (16/42)
[2026-03-25 03:03:03.823202] remote: Counting objects:  40% (17/42)
[2026-03-25 03:03:03.837150] remote: Counting objects:  42% (18/42)
[2026-03-25 03:03:04.136412] remote: Counting objects:  45% (19/42)
[2026-03-25 03:03:04.140705] remote: Counting objects:  47% (20/42)
[2026-03-25 03:03:04.246057] remote: Counting objects:  50% (21/42)
[2026-03-25 03:03:04.252934] remote: Counting objects:  52% (22/42)
[2026-03-25 03:03:04.272239] remote: Counting objects:  54% (23/42)
[2026-03-25 03:03:04.275664] remote: Counting objects:  57% (24/42)
[2026-03-25 03:03:04.414882] remote: Counting objects:  59% (25/42)
[2026-03-25 03:03:04.432244] remote: Counting objects:  61% (26/42)
[2026-03-25 03:03:04.535863] remote: Counting objects:  64% (27/42)
[2026-03-25 03:03:04.660140] remote: Counting objects:  66% (28/42)
[2026-03-25 03:03:04.694479] remote: Counting objects:  69% (29/42)
[2026-03-25 03:03:04.703536] remote: Counting objects:  71% (30/42)
[2026-03-25 03:03:04.835487] remote: Counting objects:  73% (31/42)
[2026-03-25 03:03:04.856184] remote: Counting objects:  76% (32/42)
[2026-03-25 03:03:04.968235] remote: Counting objects:  78% (33/42)
[2026-03-25 03:03:04.985825] remote: Counting objects:  80% (34/42)
[2026-03-25 03:03:05.001632] remote: Counting objects:  83% (35/42)
[2026-03-25 03:03:05.009860] remote: Counting objects:  85% (36/42)
[2026-03-25 03:03:05.118937] remote: Counting objects:  88% (37/42)
[2026-03-25 03:03:05.229849] remote: Counting objects:  90% (38/42)
[2026-03-25 03:03:05.233363] remote: Counting objects:  92% (39/42)
[2026-03-25 03:03:05.235554] remote: Counting objects:  95% (40/42)
[2026-03-25 03:03:05.238524] remote: Counting objects:  97% (41/42)
[2026-03-25 03:03:05.347016] remote: Counting objects: 100% (42/42)
[2026-03-25 03:03:05.383531] remote: Counting objects: 100% (42/42), done.
[2026-03-25 03:03:05.391663] remote: Compressing objects:   2% (1/39)
[2026-03-25 03:03:05.402382] remote: Compressing objects:   5% (2/39)
[2026-03-25 03:03:05.406438] remote: Compressing objects:   7% (3/39)
[2026-03-25 03:03:05.414856] remote: Compressing objects:  10% (4/39)
[2026-03-25 03:03:05.418189] remote: Compressing objects:  12% (5/39)
[2026-03-25 03:03:05.423001] remote: Compressing objects:  15% (6/39)
[2026-03-25 03:03:05.425018] remote: Compressing objects:  17% (7/39)
[2026-03-25 03:03:05.425018] remote: Compressing objects:  20% (8/39)
[2026-03-25 03:03:05.427162] remote: Compressing objects:  23% (9/39)
[2026-03-25 03:03:05.530639] remote: Compressing objects:  25% (10/39)
[2026-03-25 03:03:05.535491] remote: Compressing objects:  28% (11/39)
[2026-03-25 03:03:05.541102] remote: Compressing objects:  30% (12/39)
[2026-03-25 03:03:05.544404] remote: Compressing objects:  33% (13/39)
[2026-03-25 03:03:05.545926] remote: Compressing objects:  35% (14/39)
[2026-03-25 03:03:05.653384] remote: Compressing objects:  38% (15/39)
[2026-03-25 03:03:05.677169] remote: Compressing objects:  41% (16/39)
[2026-03-25 03:03:05.686273] remote: Compressing objects:  43% (17/39)
[2026-03-25 03:03:05.693564] remote: Compressing objects:  46% (18/39)
[2026-03-25 03:03:05.697143] remote: Compressing objects:  48% (19/39)
[2026-03-25 03:03:05.705372] remote: Compressing objects:  51% (20/39)
[2026-03-25 03:03:05.711961] remote: Compressing objects:  53% (21/39)
[2026-03-25 03:03:05.718337] remote: Compressing objects:  56% (22/39)
[2026-03-25 03:03:05.721866] remote: Compressing objects:  58% (23/39)
[2026-03-25 03:03:05.723885] remote: Compressing objects:  61% (24/39)
[2026-03-25 03:03:05.724561] remote: Compressing objects:  64% (25/39)
[2026-03-25 03:03:05.729261] remote: Compressing objects:  66% (26/39)
[2026-03-25 03:03:05.731454] remote: Compressing objects:  69% (27/39)
[2026-03-25 03:03:05.837719] remote: Compressing objects:  71% (28/39)
[2026-03-25 03:03:05.952865] remote: Compressing objects:  74% (29/39)
[2026-03-25 03:03:05.953849] remote: Compressing objects:  76% (30/39)
[2026-03-25 03:03:05.953849] remote: Compressing objects:  79% (31/39)
[2026-03-25 03:03:05.955851] remote: Compressing objects:  82% (32/39)
[2026-03-25 03:03:05.960646] remote: Compressing objects:  84% (33/39)
[2026-03-25 03:03:05.967070] remote: Compressing objects:  87% (34/39)
[2026-03-25 03:03:06.070074] remote: Compressing objects:  89% (35/39)
[2026-03-25 03:03:06.089353] remote: Compressing objects:  92% (36/39)
[2026-03-25 03:03:06.139790] remote: Compressing objects:  94% (37/39)
[2026-03-25 03:03:06.181584] remote: Compressing objects:  97% (38/39)
[2026-03-25 03:03:06.190734] remote: Compressing objects: 100% (39/39)
[2026-03-25 03:03:06.197937] remote: Compressing objects: 100% (39/39), done.
[2026-03-25 03:03:06.209609] Receiving objects:   2% (1/42)
[2026-03-25 03:03:06.396999] Receiving objects:   4% (2/42)
[2026-03-25 03:03:06.404702] Receiving objects:   7% (3/42)
[2026-03-25 03:03:06.418202] Receiving objects:   9% (4/42)
[2026-03-25 03:03:06.521313] Receiving objects:  11% (5/42)
[2026-03-25 03:03:06.529358] Receiving objects:  14% (6/42)
[2026-03-25 03:03:06.668283] Receiving objects:  16% (7/42)
[2026-03-25 03:03:06.682855] Receiving objects:  19% (8/42)
[2026-03-25 03:03:06.791650] Receiving objects:  21% (9/42)
[2026-03-25 03:03:06.801880] Receiving objects:  23% (10/42)
[2026-03-25 03:03:06.925156] Receiving objects:  26% (11/42)
[2026-03-25 03:03:06.938013] Receiving objects:  28% (12/42)
[2026-03-25 03:03:06.946807] Receiving objects:  30% (13/42)
[2026-03-25 03:03:07.099837] Receiving objects:  33% (14/42)
[2026-03-25 03:03:07.126667] Receiving objects:  35% (15/42)
[2026-03-25 03:03:07.128326] Receiving objects:  38% (16/42)
[2026-03-25 03:03:07.132921] remote: Total 42 (delta 9), reused 0 (delta 0), pack-reused 0 (from 0)
[2026-03-25 03:03:07.243967] Receiving objects:  40% (17/42)
[2026-03-25 03:03:07.252491] Receiving objects:  42% (18/42)
[2026-03-25 03:03:07.383190] Receiving objects:  45% (19/42)
[2026-03-25 03:03:07.398809] Receiving objects:  47% (20/42)
[2026-03-25 03:03:07.426057] Receiving objects:  50% (21/42)
[2026-03-25 03:03:07.536477] Receiving objects:  52% (22/42)
[2026-03-25 03:03:07.557707] Receiving objects:  54% (23/42)
[2026-03-25 03:03:07.578142] Receiving objects:  57% (24/42)
[2026-03-25 03:03:07.715099] Receiving objects:  59% (25/42)
[2026-03-25 03:03:07.723603] Receiving objects:  61% (26/42)
[2026-03-25 03:03:07.735484] Receiving objects:  64% (27/42)
[2026-03-25 03:03:07.748823] Receiving objects:  66% (28/42)
[2026-03-25 03:03:07.758414] Receiving objects:  69% (29/42)
[2026-03-25 03:03:07.883822] Receiving objects:  71% (30/42)
[2026-03-25 03:03:07.890954] Receiving objects:  73% (31/42)
[2026-03-25 03:03:07.992468] Receiving objects:  76% (32/42)
[2026-03-25 03:03:08.002792] Receiving objects:  78% (33/42)
[2026-03-25 03:03:08.008451] Receiving objects:  80% (34/42)
[2026-03-25 03:03:08.012939] Receiving objects:  83% (35/42)
[2026-03-25 03:03:08.014955] Receiving objects:  85% (36/42)
[2026-03-25 03:03:08.021449] Receiving objects:  88% (37/42)
[2026-03-25 03:03:08.028391] Receiving objects:  90% (38/42)
[2026-03-25 03:03:08.033735] Receiving objects:  92% (39/42)
[2026-03-25 03:03:08.126726] Receiving objects:  95% (40/42)
[2026-03-25 03:03:08.226952] Receiving objects:  97% (41/42)
[2026-03-25 03:03:08.285610] Receiving objects: 100% (42/42)
[2026-03-25 03:03:08.293888] Receiving objects: 100% (42/42), 44.93 KiB | 939.00 KiB/s, done.
[2026-03-25 03:03:08.305736] Resolving deltas:   0% (0/9)
[2026-03-25 03:03:08.403717] Resolving deltas:  11% (1/9)
[2026-03-25 03:03:08.410635] Resolving deltas:  22% (2/9)
[2026-03-25 03:03:08.528899] Resolving deltas:  33% (3/9)
[2026-03-25 03:03:08.554703] Resolving deltas:  44% (4/9)
[2026-03-25 03:03:08.564595] Resolving deltas:  55% (5/9)
[2026-03-25 03:03:08.575741] Resolving deltas:  66% (6/9)
[2026-03-25 03:03:08.679177] Resolving deltas:  77% (7/9)
[2026-03-25 03:03:08.693753] Resolving deltas: 100% (9/9)
[2026-03-25 03:03:08.815283] Resolving deltas: 100% (9/9), done.
[2026-03-25 03:03:11.054263] ✓ Done
[2026-03-25 03:03:11.058363] No requirements.txt found, skipping dependency install
[2026-03-25 03:03:11.060999] === DEPLOY SUCCESS in 16.54s ===
[2026-03-26 00:46:41.872960] === DEPLOY STARTED: https://github.com/HimanshuBhat001/adaptive-password-risk-analyzer @ main ===
[2026-03-26 00:46:42.921660] Killed git/ssh processes (if any)
[2026-03-26 00:46:43.926711] RUNNING: git -c credential.helper= -c core.askpass= -c http.sslVerify=false clone --progress --branch main https://github.com/HimanshuBhat001/adaptive-password-risk-analyzer C:\Users\Nayanika Prasad\Desktop\DevOps Portal\backend\repo_1774466201
[2026-03-26 00:46:44.289371] Cloning into 'C:\Users\Nayanika Prasad\Desktop\DevOps Portal\backend\repo_1774466201'...
[2026-03-26 00:46:45.568954] remote: Enumerating objects: 42, done.
[2026-03-26 00:46:45.568954] remote: Counting objects:   2% (1/42)
[2026-03-26 00:46:45.570983] remote: Counting objects:   4% (2/42)
[2026-03-26 00:46:45.571892] remote: Counting objects:   7% (3/42)
[2026-03-26 00:46:45.577103] remote: Counting objects:   9% (4/42)
[2026-03-26 00:46:45.583950] remote: Counting objects:  11% (5/42)
[2026-03-26 00:46:45.588985] remote: Counting objects:  14% (6/42)
[2026-03-26 00:46:45.591033] remote: Counting objects:  16% (7/42)
[2026-03-26 00:46:45.597531] remote: Counting objects:  19% (8/42)
[2026-03-26 00:46:45.599564] remote: Counting objects:  21% (9/42)
[2026-03-26 00:46:45.611196] remote: Counting objects:  23% (10/42)
[2026-03-26 00:46:45.613222] remote: Counting objects:  26% (11/42)
[2026-03-26 00:46:45.618294] remote: Counting objects:  28% (12/42)
[2026-03-26 00:46:45.625501] remote: Counting objects:  30% (13/42)
[2026-03-26 00:46:45.633689] remote: Counting objects:  33% (14/42)
[2026-03-26 00:46:45.639639] remote: Counting objects:  35% (15/42)
[2026-03-26 00:46:45.645804] remote: Counting objects:  38% (16/42)
[2026-03-26 00:46:45.651456] remote: Counting objects:  40% (17/42)
[2026-03-26 00:46:45.659234] remote: Counting objects:  42% (18/42)
[2026-03-26 00:46:45.664237] remote: Counting objects:  45% (19/42)
[2026-03-26 00:46:45.666239] remote: Counting objects:  47% (20/42)
[2026-03-26 00:46:45.667227] remote: Counting objects:  50% (21/42)
[2026-03-26 00:46:45.668234] remote: Counting objects:  52% (22/42)
[2026-03-26 00:46:45.668234] remote: Counting objects:  54% (23/42)
[2026-03-26 00:46:45.672018] remote: Counting objects:  57% (24/42)
[2026-03-26 00:46:45.674759] remote: Counting objects:  59% (25/42)
[2026-03-26 00:46:45.674759] remote: Counting objects:  61% (26/42)
[2026-03-26 00:46:45.679945] remote: Counting objects:  64% (27/42)
[2026-03-26 00:46:45.679945] remote: Counting objects:  66% (28/42)
[2026-03-26 00:46:45.686891] remote: Counting objects:  69% (29/42)
[2026-03-26 00:46:45.693890] remote: Counting objects:  71% (30/42)
[2026-03-26 00:46:45.695883] remote: Counting objects:  73% (31/42)
[2026-03-26 00:46:45.695883] remote: Counting objects:  76% (32/42)
[2026-03-26 00:46:45.699987] remote: Counting objects:  78% (33/42)
[2026-03-26 00:46:45.707072] remote: Counting objects:  80% (34/42)
[2026-03-26 00:46:45.707072] remote: Counting objects:  83% (35/42)
[2026-03-26 00:46:45.709098] remote: Counting objects:  85% (36/42)
[2026-03-26 00:46:45.711952] remote: Counting objects:  88% (37/42)
[2026-03-26 00:46:45.713974] remote: Counting objects:  90% (38/42)
[2026-03-26 00:46:45.718690] remote: Counting objects:  92% (39/42)
[2026-03-26 00:46:45.720951] remote: Counting objects:  95% (40/42)
[2026-03-26 00:46:45.720951] remote: Counting objects:  97% (41/42)
[2026-03-26 00:46:45.722982] remote: Counting objects: 100% (42/42)
[2026-03-26 00:46:45.730297] remote: Counting objects: 100% (42/42), done.
[2026-03-26 00:46:45.737094] remote: Compressing objects:   2% (1/39)
[2026-03-26 00:46:45.738499] remote: Compressing objects:   5% (2/39)
[2026-03-26 00:46:45.742348] remote: Compressing objects:   7% (3/39)
[2026-03-26 00:46:45.749093] remote: Compressing objects:  10% (4/39)
[2026-03-26 00:46:45.757968] remote: Compressing objects:  12% (5/39)
[2026-03-26 00:46:45.769305] remote: Compressing objects:  15% (6/39)
[2026-03-26 00:46:45.771310] remote: Compressing objects:  17% (7/39)
[2026-03-26 00:46:45.775777] remote: Compressing objects:  20% (8/39)
[2026-03-26 00:46:45.775777] remote: Compressing objects:  23% (9/39)
[2026-03-26 00:46:45.776782] remote: Compressing objects:  25% (10/39)
[2026-03-26 00:46:45.777783] remote: Compressing objects:  28% (11/39)
[2026-03-26 00:46:45.777783] remote: Compressing objects:  30% (12/39)
[2026-03-26 00:46:45.778768] remote: Compressing objects:  33% (13/39)
[2026-03-26 00:46:45.778768] remote: Compressing objects:  35% (14/39)
[2026-03-26 00:46:45.778768] remote: Compressing objects:  38% (15/39)
[2026-03-26 00:46:45.780174] remote: Compressing objects:  41% (16/39)
[2026-03-26 00:46:45.784523] remote: Compressing objects:  43% (17/39)
[2026-03-26 00:46:45.784523] remote: Compressing objects:  46% (18/39)
[2026-03-26 00:46:45.784523] remote: Compressing objects:  48% (19/39)
[2026-03-26 00:46:45.786539] remote: Compressing objects:  51% (20/39)
[2026-03-26 00:46:45.790992] remote: Compressing objects:  53% (21/39)
[2026-03-26 00:46:45.790992] remote: Compressing objects:  56% (22/39)
[2026-03-26 00:46:45.793014] remote: Compressing objects:  58% (23/39)
[2026-03-26 00:46:45.793014] remote: Compressing objects:  61% (24/39)
[2026-03-26 00:46:45.795079] remote: Compressing objects:  64% (25/39)
[2026-03-26 00:46:45.797307] remote: Compressing objects:  66% (26/39)
[2026-03-26 00:46:45.799331] remote: Compressing objects:  69% (27/39)
[2026-03-26 00:46:45.802022] remote: Compressing objects:  71% (28/39)
[2026-03-26 00:46:45.804282] remote: Compressing objects:  74% (29/39)
[2026-03-26 00:46:45.806300] remote: Compressing objects:  76% (30/39)
[2026-03-26 00:46:45.806300] remote: Compressing objects:  79% (31/39)
[2026-03-26 00:46:45.807912] remote: Compressing objects:  82% (32/39)
[2026-03-26 00:46:45.811750] remote: Compressing objects:  84% (33/39)
[2026-03-26 00:46:45.811750] remote: Compressing objects:  87% (34/39)
[2026-03-26 00:46:45.813780] remote: Compressing objects:  89% (35/39)
[2026-03-26 00:46:45.813780] remote: Compressing objects:  92% (36/39)
[2026-03-26 00:46:45.818166] remote: Compressing objects:  94% (37/39)
[2026-03-26 00:46:45.818166] remote: Compressing objects:  97% (38/39)
[2026-03-26 00:46:45.820191] remote: Compressing objects: 100% (39/39)
[2026-03-26 00:46:45.822862] remote: Compressing objects: 100% (39/39), done.
[2026-03-26 00:46:46.127214] Receiving objects:   2% (1/42)
[2026-03-26 00:46:46.145554] Receiving objects:   4% (2/42)
[2026-03-26 00:46:46.150260] Receiving objects:   7% (3/42)
[2026-03-26 00:46:46.150260] Receiving objects:   9% (4/42)
[2026-03-26 00:46:46.153263] Receiving objects:  11% (5/42)
[2026-03-26 00:46:46.158794] Receiving objects:  14% (6/42)
[2026-03-26 00:46:46.161972] Receiving objects:  16% (7/42)
[2026-03-26 00:46:46.201218] Receiving objects:  19% (8/42)
[2026-03-26 00:46:46.220599] Receiving objects:  21% (9/42)
[2026-03-26 00:46:46.235505] Receiving objects:  23% (10/42)
[2026-03-26 00:46:46.242497] Receiving objects:  26% (11/42)
[2026-03-26 00:46:46.247487] Receiving objects:  28% (12/42)
[2026-03-26 00:46:46.254540] Receiving objects:  30% (13/42)
[2026-03-26 00:46:46.255538] Receiving objects:  33% (14/42)
[2026-03-26 00:46:46.257744] Receiving objects:  35% (15/42)
[2026-03-26 00:46:46.257744] Receiving objects:  38% (16/42)
[2026-03-26 00:46:46.257744] remote: Total 42 (delta 9), reused 0 (delta 0), pack-reused 0 (from 0)
[2026-03-26 00:46:46.260294] Receiving objects:  40% (17/42)
[2026-03-26 00:46:46.296177] Receiving objects:  42% (18/42)
[2026-03-26 00:46:46.307768] Receiving objects:  45% (19/42)
[2026-03-26 00:46:46.312940] Receiving objects:  47% (20/42)
[2026-03-26 00:46:46.313936] Receiving objects:  50% (21/42)
[2026-03-26 00:46:46.316848] Receiving objects:  52% (22/42)
[2026-03-26 00:46:46.317854] Receiving objects:  54% (23/42)
[2026-03-26 00:46:46.325328] Receiving objects:  57% (24/42)
[2026-03-26 00:46:46.327322] Receiving objects:  59% (25/42)
[2026-03-26 00:46:46.327322] Receiving objects:  61% (26/42)
[2026-03-26 00:46:46.337617] Receiving objects:  64% (27/42)
[2026-03-26 00:46:46.340611] Receiving objects:  66% (28/42)
[2026-03-26 00:46:46.343679] Receiving objects:  69% (29/42)
[2026-03-26 00:46:46.351526] Receiving objects:  71% (30/42)
[2026-03-26 00:46:46.356542] Receiving objects:  73% (31/42)
[2026-03-26 00:46:46.366117] Receiving objects:  76% (32/42)
[2026-03-26 00:46:46.371368] Receiving objects:  78% (33/42)
[2026-03-26 00:46:46.381486] Receiving objects:  80% (34/42)
[2026-03-26 00:46:46.386499] Receiving objects:  83% (35/42)
[2026-03-26 00:46:46.395684] Receiving objects:  85% (36/42)
[2026-03-26 00:46:46.410709] Receiving objects:  88% (37/42)
[2026-03-26 00:46:46.416007] Receiving objects:  90% (38/42)
[2026-03-26 00:46:46.421044] Receiving objects:  92% (39/42)
[2026-03-26 00:46:46.423047] Receiving objects:  95% (40/42)
[2026-03-26 00:46:46.432111] Receiving objects:  97% (41/42)
[2026-03-26 00:46:46.436904] Receiving objects: 100% (42/42)
[2026-03-26 00:46:46.450539] Receiving objects: 100% (42/42), 44.93 KiB | 3.74 MiB/s, done.
[2026-03-26 00:46:46.461626] Resolving deltas:   0% (0/9)
[2026-03-26 00:46:46.469538] Resolving deltas:  11% (1/9)
[2026-03-26 00:46:46.490430] Resolving deltas:  22% (2/9)
[2026-03-26 00:46:46.509096] Resolving deltas:  33% (3/9)
[2026-03-26 00:46:46.515240] Resolving deltas:  44% (4/9)
[2026-03-26 00:46:46.518419] Resolving deltas:  55% (5/9)
[2026-03-26 00:46:46.521889] Resolving deltas:  66% (6/9)
[2026-03-26 00:46:46.526344] Resolving deltas:  77% (7/9)
[2026-03-26 00:46:46.533040] Resolving deltas:  88% (8/9)
[2026-03-26 00:46:46.534045] Resolving deltas: 100% (9/9)
[2026-03-26 00:46:46.534045] Resolving deltas: 100% (9/9), done.
[2026-03-26 00:46:46.729188] ✓ Done
[2026-03-26 00:46:46.730188] No requirements.txt found, skipping dependency install
[2026-03-26 00:46:46.731188] === DEPLOY SUCCESS in 4.86s ===
[2026-03-26 00:52:26.829154] === DEPLOY STARTED: https://github.com/HimanshuBhat001/adaptive-password-risk-analyzer @ main ===
[2026-03-26 00:52:27.911697] Killed git/ssh processes (if any)
[2026-03-26 00:52:28.914725] RUNNING: git -c credential.helper= -c core.askpass= -c http.sslVerify=false clone --progress --branch main https://github.com/HimanshuBhat001/adaptive-password-risk-analyzer C:\Users\Nayanika Prasad\Desktop\DevOps Portal\backend\repo_1774466546
[2026-03-26 00:52:29.218769] Cloning into 'C:\Users\Nayanika Prasad\Desktop\DevOps Portal\backend\repo_1774466546'...
[2026-03-26 00:52:30.468310] remote: Enumerating objects: 42, done.
[2026-03-26 00:52:30.471543] remote: Counting objects:   2% (1/42)
[2026-03-26 00:52:30.475084] remote: Counting objects:   4% (2/42)
[2026-03-26 00:52:30.483290] remote: Counting objects:   7% (3/42)
[2026-03-26 00:52:30.489167] remote: Counting objects:   9% (4/42)
[2026-03-26 00:52:30.491901] remote: Counting objects:  11% (5/42)
[2026-03-26 00:52:30.496024] remote: Counting objects:  14% (6/42)
[2026-03-26 00:52:30.496024] remote: Counting objects:  16% (7/42)
[2026-03-26 00:52:30.504706] remote: Counting objects:  19% (8/42)
[2026-03-26 00:52:30.504706] remote: Counting objects:  21% (9/42)
[2026-03-26 00:52:30.510542] remote: Counting objects:  23% (10/42)
[2026-03-26 00:52:30.510542] remote: Counting objects:  26% (11/42)
[2026-03-26 00:52:30.517328] remote: Counting objects:  28% (12/42)
[2026-03-26 00:52:30.517328] remote: Counting objects:  30% (13/42)
[2026-03-26 00:52:30.525192] remote: Counting objects:  33% (14/42)
[2026-03-26 00:52:30.532536] remote: Counting objects:  35% (15/42)
[2026-03-26 00:52:30.532536] remote: Counting objects:  38% (16/42)
[2026-03-26 00:52:30.532536] remote: Counting objects:  40% (17/42)
[2026-03-26 00:52:30.544513] remote: Counting objects:  42% (18/42)
[2026-03-26 00:52:30.547774] remote: Counting objects:  45% (19/42)
[2026-03-26 00:52:30.547774] remote: Counting objects:  47% (20/42)
[2026-03-26 00:52:30.552189] remote: Counting objects:  50% (21/42)
[2026-03-26 00:52:30.560421] remote: Counting objects:  52% (22/42)
[2026-03-26 00:52:30.565475] remote: Counting objects:  54% (23/42)
[2026-03-26 00:52:30.581415] remote: Counting objects:  57% (24/42)
[2026-03-26 00:52:30.593223] remote: Counting objects:  59% (25/42)
[2026-03-26 00:52:30.601264] remote: Counting objects:  61% (26/42)
[2026-03-26 00:52:30.613645] remote: Counting objects:  64% (27/42)
[2026-03-26 00:52:30.613645] remote: Counting objects:  66% (28/42)
[2026-03-26 00:52:30.622796] remote: Counting objects:  69% (29/42)
[2026-03-26 00:52:30.636976] remote: Counting objects:  71% (30/42)
[2026-03-26 00:52:30.648734] remote: Counting objects:  73% (31/42)
[2026-03-26 00:52:30.661351] remote: Counting objects:  76% (32/42)
[2026-03-26 00:52:30.664356] remote: Counting objects:  78% (33/42)
[2026-03-26 00:52:30.665341] remote: Counting objects:  80% (34/42)
[2026-03-26 00:52:30.666349] remote: Counting objects:  83% (35/42)
[2026-03-26 00:52:30.670480] remote: Counting objects:  85% (36/42)
[2026-03-26 00:52:30.672478] remote: Counting objects:  88% (37/42)
[2026-03-26 00:52:30.677108] remote: Counting objects:  90% (38/42)
[2026-03-26 00:52:30.677108] remote: Counting objects:  92% (39/42)
[2026-03-26 00:52:30.677108] remote: Counting objects:  95% (40/42)
[2026-03-26 00:52:30.677108] remote: Counting objects:  97% (41/42)
[2026-03-26 00:52:30.682197] remote: Counting objects: 100% (42/42)
[2026-03-26 00:52:30.682197] remote: Counting objects: 100% (42/42), done.
[2026-03-26 00:52:30.684185] remote: Compressing objects:   2% (1/39)
[2026-03-26 00:52:30.684185] remote: Compressing objects:   5% (2/39)
[2026-03-26 00:52:30.688371] remote: Compressing objects:   7% (3/39)
[2026-03-26 00:52:30.690881] remote: Compressing objects:  10% (4/39)
[2026-03-26 00:52:30.690881] remote: Compressing objects:  12% (5/39)
[2026-03-26 00:52:30.692411] remote: Compressing objects:  15% (6/39)
[2026-03-26 00:52:30.695982] remote: Compressing objects:  17% (7/39)
[2026-03-26 00:52:30.697970] remote: Compressing objects:  20% (8/39)
[2026-03-26 00:52:30.698984] remote: Compressing objects:  23% (9/39)
[2026-03-26 00:52:30.698984] remote: Compressing objects:  25% (10/39)
[2026-03-26 00:52:30.703348] remote: Compressing objects:  28% (11/39)
[2026-03-26 00:52:30.703882] remote: Compressing objects:  30% (12/39)
[2026-03-26 00:52:30.706073] remote: Compressing objects:  33% (13/39)
[2026-03-26 00:52:30.708821] remote: Compressing objects:  35% (14/39)
[2026-03-26 00:52:30.709844] remote: Compressing objects:  38% (15/39)
[2026-03-26 00:52:30.710841] remote: Compressing objects:  41% (16/39)
[2026-03-26 00:52:30.711368] remote: Compressing objects:  43% (17/39)
[2026-03-26 00:52:30.711368] remote: Compressing objects:  46% (18/39)
[2026-03-26 00:52:30.718844] remote: Compressing objects:  48% (19/39)
[2026-03-26 00:52:30.732603] remote: Compressing objects:  51% (20/39)
[2026-03-26 00:52:30.734596] remote: Compressing objects:  53% (21/39)
[2026-03-26 00:52:30.737832] remote: Compressing objects:  56% (22/39)
[2026-03-26 00:52:30.747247] remote: Compressing objects:  58% (23/39)
[2026-03-26 00:52:30.753155] remote: Compressing objects:  61% (24/39)
[2026-03-26 00:52:30.759656] remote: Compressing objects:  64% (25/39)
[2026-03-26 00:52:30.759656] remote: Compressing objects:  66% (26/39)
[2026-03-26 00:52:30.766961] remote: Compressing objects:  69% (27/39)
[2026-03-26 00:52:30.772597] remote: Compressing objects:  71% (28/39)
[2026-03-26 00:52:30.774535] remote: Compressing objects:  74% (29/39)
[2026-03-26 00:52:30.774535] remote: Compressing objects:  76% (30/39)
[2026-03-26 00:52:30.780558] remote: Compressing objects:  79% (31/39)
[2026-03-26 00:52:30.780558] remote: Compressing objects:  82% (32/39)
[2026-03-26 00:52:30.785196] remote: Compressing objects:  84% (33/39)
[2026-03-26 00:52:30.787821] remote: Compressing objects:  87% (34/39)
[2026-03-26 00:52:30.790757] remote: Compressing objects:  89% (35/39)
[2026-03-26 00:52:30.794991] remote: Compressing objects:  92% (36/39)
[2026-03-26 00:52:30.794991] remote: Compressing objects:  94% (37/39)
[2026-03-26 00:52:30.794991] remote: Compressing objects:  97% (38/39)
[2026-03-26 00:52:30.807136] remote: Compressing objects: 100% (39/39)
[2026-03-26 00:52:30.810141] remote: Compressing objects: 100% (39/39), done.
[2026-03-26 00:52:30.848554] Receiving objects:   2% (1/42)
[2026-03-26 00:52:30.850706] Receiving objects:   4% (2/42)
[2026-03-26 00:52:30.850706] Receiving objects:   7% (3/42)
[2026-03-26 00:52:30.850706] Receiving objects:   9% (4/42)
[2026-03-26 00:52:30.850706] Receiving objects:  11% (5/42)
[2026-03-26 00:52:30.850706] Receiving objects:  14% (6/42)
[2026-03-26 00:52:30.855516] Receiving objects:  16% (7/42)
[2026-03-26 00:52:30.857538] Receiving objects:  19% (8/42)
[2026-03-26 00:52:30.857538] Receiving objects:  21% (9/42)
[2026-03-26 00:52:30.857538] Receiving objects:  23% (10/42)
[2026-03-26 00:52:30.862962] Receiving objects:  26% (11/42)
[2026-03-26 00:52:30.864968] Receiving objects:  28% (12/42)
[2026-03-26 00:52:30.871168] Receiving objects:  30% (13/42)
[2026-03-26 00:52:30.871168] Receiving objects:  33% (14/42)
[2026-03-26 00:52:30.878908] Receiving objects:  35% (15/42)
[2026-03-26 00:52:30.886802] Receiving objects:  38% (16/42)
[2026-03-26 00:52:30.887774] remote: Total 42 (delta 9), reused 0 (delta 0), pack-reused 0 (from 0)
[2026-03-26 00:52:30.894852] Receiving objects:  40% (17/42)
[2026-03-26 00:52:30.908239] Receiving objects:  42% (18/42)
[2026-03-26 00:52:30.914006] Receiving objects:  45% (19/42)
[2026-03-26 00:52:30.921751] Receiving objects:  47% (20/42)
[2026-03-26 00:52:30.932749] Receiving objects:  50% (21/42)
[2026-03-26 00:52:30.935950] Receiving objects:  52% (22/42)
[2026-03-26 00:52:30.942050] Receiving objects:  54% (23/42)
[2026-03-26 00:52:30.945973] Receiving objects:  57% (24/42)
[2026-03-26 00:52:30.955026] Receiving objects:  59% (25/42)
[2026-03-26 00:52:30.956014] Receiving objects:  61% (26/42)
[2026-03-26 00:52:30.956014] Receiving objects:  64% (27/42)
[2026-03-26 00:52:30.960925] Receiving objects:  66% (28/42)
[2026-03-26 00:52:30.977330] Receiving objects:  69% (29/42)
[2026-03-26 00:52:30.980038] Receiving objects:  71% (30/42)
[2026-03-26 00:52:30.983623] Receiving objects:  73% (31/42)
[2026-03-26 00:52:30.983623] Receiving objects:  76% (32/42)
[2026-03-26 00:52:30.994589] Receiving objects:  78% (33/42)
[2026-03-26 00:52:31.003868] Receiving objects:  80% (34/42)
[2026-03-26 00:52:31.003868] Receiving objects:  83% (35/42)
[2026-03-26 00:52:31.003868] Receiving objects:  85% (36/42)
[2026-03-26 00:52:31.011193] Receiving objects:  88% (37/42)
[2026-03-26 00:52:31.018320] Receiving objects:  90% (38/42)
[2026-03-26 00:52:31.022439] Receiving objects:  92% (39/42)
[2026-03-26 00:52:31.029957] Receiving objects:  95% (40/42)
[2026-03-26 00:52:31.033298] Receiving objects:  97% (41/42)
[2026-03-26 00:52:31.033298] Receiving objects: 100% (42/42)
[2026-03-26 00:52:31.039086] Receiving objects: 100% (42/42), 44.93 KiB | 4.08 MiB/s, done.
[2026-03-26 00:52:31.051098] Resolving deltas:   0% (0/9)
[2026-03-26 00:52:31.057032] Resolving deltas:  11% (1/9)
[2026-03-26 00:52:31.066582] Resolving deltas:  22% (2/9)
[2026-03-26 00:52:31.071959] Resolving deltas:  33% (3/9)
[2026-03-26 00:52:31.080713] Resolving deltas:  44% (4/9)
[2026-03-26 00:52:31.087793] Resolving deltas:  55% (5/9)
[2026-03-26 00:52:31.101210] Resolving deltas:  66% (6/9)
[2026-03-26 00:52:31.109652] Resolving deltas:  77% (7/9)
[2026-03-26 00:52:31.116973] Resolving deltas:  88% (8/9)
[2026-03-26 00:52:31.128843] Resolving deltas: 100% (9/9)
[2026-03-26 00:52:31.134583] Resolving deltas: 100% (9/9), done.
[2026-03-26 00:52:31.795441] ✓ Done
[2026-03-26 00:52:31.795441] No requirements.txt found, skipping dependency install
[2026-03-26 00:52:31.800426] === DEPLOY SUCCESS in 4.98s ===
[2026-03-26 01:45:39.556887] === DEPLOY STARTED: https://github.com/HimanshuBhat001/adaptive-password-risk-analyzer @ main ===
[2026-03-26 01:45:40.680303] Killed git/ssh processes (if any)
[2026-03-26 01:45:41.685925] RUNNING: git -c credential.helper= -c core.askpass= -c http.sslVerify=false clone --progress --branch main https://github.com/HimanshuBhat001/adaptive-password-risk-analyzer C:\Users\Nayanika Prasad\Desktop\DevOps Portal\backend\repo_1774469739
[2026-03-26 01:45:41.943769] Cloning into 'C:\Users\Nayanika Prasad\Desktop\DevOps Portal\backend\repo_1774469739'...
[2026-03-26 01:45:43.208072] remote: Enumerating objects: 42, done.
[2026-03-26 01:45:43.210078] remote: Counting objects:   2% (1/42)
[2026-03-26 01:45:43.210415] remote: Counting objects:   4% (2/42)
[2026-03-26 01:45:43.210415] remote: Counting objects:   7% (3/42)
[2026-03-26 01:45:43.214993] remote: Counting objects:   9% (4/42)
[2026-03-26 01:45:43.220178] remote: Counting objects:  11% (5/42)
[2026-03-26 01:45:43.223169] remote: Counting objects:  14% (6/42)
[2026-03-26 01:45:43.224187] remote: Counting objects:  16% (7/42)
[2026-03-26 01:45:43.224187] remote: Counting objects:  19% (8/42)
[2026-03-26 01:45:43.229898] remote: Counting objects:  21% (9/42)
[2026-03-26 01:45:43.237589] remote: Counting objects:  23% (10/42)
[2026-03-26 01:45:43.241803] remote: Counting objects:  26% (11/42)
[2026-03-26 01:45:43.246763] remote: Counting objects:  28% (12/42)
[2026-03-26 01:45:43.250758] remote: Counting objects:  30% (13/42)
[2026-03-26 01:45:43.250758] remote: Counting objects:  33% (14/42)
[2026-03-26 01:45:43.250758] remote: Counting objects:  35% (15/42)
[2026-03-26 01:45:43.250758] remote: Counting objects:  38% (16/42)
[2026-03-26 01:45:43.257638] remote: Counting objects:  40% (17/42)
[2026-03-26 01:45:43.257638] remote: Counting objects:  42% (18/42)
[2026-03-26 01:45:43.257638] remote: Counting objects:  45% (19/42)
[2026-03-26 01:45:43.267567] remote: Counting objects:  47% (20/42)
[2026-03-26 01:45:43.278467] remote: Counting objects:  50% (21/42)
[2026-03-26 01:45:43.278467] remote: Counting objects:  52% (22/42)
[2026-03-26 01:45:43.282413] remote: Counting objects:  54% (23/42)
[2026-03-26 01:45:43.285705] remote: Counting objects:  57% (24/42)
[2026-03-26 01:45:43.292919] remote: Counting objects:  59% (25/42)
[2026-03-26 01:45:43.300228] remote: Counting objects:  61% (26/42)
[2026-03-26 01:45:43.305296] remote: Counting objects:  64% (27/42)
[2026-03-26 01:45:43.311602] remote: Counting objects:  66% (28/42)
[2026-03-26 01:45:43.320870] remote: Counting objects:  69% (29/42)
[2026-03-26 01:45:43.333896] remote: Counting objects:  71% (30/42)
[2026-03-26 01:45:43.342057] remote: Counting objects:  73% (31/42)
[2026-03-26 01:45:43.347693] remote: Counting objects:  76% (32/42)
[2026-03-26 01:45:43.354893] remote: Counting objects:  78% (33/42)
[2026-03-26 01:45:43.361908] remote: Counting objects:  80% (34/42)
[2026-03-26 01:45:43.368767] remote: Counting objects:  83% (35/42)
[2026-03-26 01:45:43.388026] remote: Counting objects:  85% (36/42)
[2026-03-26 01:45:43.395577] remote: Counting objects:  88% (37/42)
[2026-03-26 01:45:43.397137] remote: Counting objects:  90% (38/42)
[2026-03-26 01:45:43.410769] remote: Counting objects:  92% (39/42)
[2026-03-26 01:45:43.417573] remote: Counting objects:  95% (40/42)
[2026-03-26 01:45:43.432064] remote: Counting objects:  97% (41/42)
[2026-03-26 01:45:43.436650] remote: Counting objects: 100% (42/42)
[2026-03-26 01:45:43.438721] remote: Counting objects: 100% (42/42), done.
[2026-03-26 01:45:43.453338] remote: Compressing objects:   2% (1/39)
[2026-03-26 01:45:43.466697] remote: Compressing objects:   5% (2/39)
[2026-03-26 01:45:43.478965] remote: Compressing objects:   7% (3/39)
[2026-03-26 01:45:43.501872] remote: Compressing objects:  10% (4/39)
[2026-03-26 01:45:43.510680] remote: Compressing objects:  12% (5/39)
[2026-03-26 01:45:43.518911] remote: Compressing objects:  15% (6/39)
[2026-03-26 01:45:43.526240] remote: Compressing objects:  17% (7/39)
[2026-03-26 01:45:43.532371] remote: Compressing objects:  20% (8/39)
[2026-03-26 01:45:43.535345] remote: Compressing objects:  23% (9/39)
[2026-03-26 01:45:43.549783] remote: Compressing objects:  25% (10/39)
[2026-03-26 01:45:43.564307] remote: Compressing objects:  28% (11/39)
[2026-03-26 01:45:43.575379] remote: Compressing objects:  30% (12/39)
[2026-03-26 01:45:43.583169] remote: Compressing objects:  33% (13/39)
[2026-03-26 01:45:43.591054] remote: Compressing objects:  35% (14/39)
[2026-03-26 01:45:43.598258] remote: Compressing objects:  38% (15/39)
[2026-03-26 01:45:43.612781] remote: Compressing objects:  41% (16/39)
[2026-03-26 01:45:43.621756] remote: Compressing objects:  43% (17/39)
[2026-03-26 01:45:43.633345] remote: Compressing objects:  46% (18/39)
[2026-03-26 01:45:43.655793] remote: Compressing objects:  48% (19/39)
[2026-03-26 01:45:43.674417] remote: Compressing objects:  51% (20/39)
[2026-03-26 01:45:43.684174] remote: Compressing objects:  53% (21/39)
[2026-03-26 01:45:43.702092] remote: Compressing objects:  56% (22/39)
[2026-03-26 01:45:43.711084] remote: Compressing objects:  58% (23/39)
[2026-03-26 01:45:43.714695] remote: Compressing objects:  61% (24/39)
[2026-03-26 01:45:43.722758] remote: Compressing objects:  64% (25/39)
[2026-03-26 01:45:43.730073] remote: Compressing objects:  66% (26/39)
[2026-03-26 01:45:43.741785] remote: Compressing objects:  69% (27/39)
[2026-03-26 01:45:43.741785] remote: Compressing objects:  71% (28/39)
[2026-03-26 01:45:43.750316] remote: Compressing objects:  74% (29/39)
[2026-03-26 01:45:43.761700] remote: Compressing objects:  76% (30/39)
[2026-03-26 01:45:43.771189] remote: Compressing objects:  79% (31/39)
[2026-03-26 01:45:43.784559] remote: Compressing objects:  82% (32/39)
[2026-03-26 01:45:43.790560] remote: Compressing objects:  84% (33/39)
[2026-03-26 01:45:43.798862] remote: Compressing objects:  87% (34/39)
[2026-03-26 01:45:43.812901] remote: Compressing objects:  89% (35/39)
[2026-03-26 01:45:43.819083] remote: Compressing objects:  92% (36/39)
[2026-03-26 01:45:43.831512] remote: Compressing objects:  94% (37/39)
[2026-03-26 01:45:43.840662] remote: Compressing objects:  97% (38/39)
[2026-03-26 01:45:43.853643] remote: Compressing objects: 100% (39/39)
[2026-03-26 01:45:43.868555] remote: Compressing objects: 100% (39/39), done.
[2026-03-26 01:45:43.888693] Receiving objects:   2% (1/42)
[2026-03-26 01:45:43.903783] Receiving objects:   4% (2/42)
[2026-03-26 01:45:43.910626] Receiving objects:   7% (3/42)
[2026-03-26 01:45:43.924284] Receiving objects:   9% (4/42)
[2026-03-26 01:45:43.934187] Receiving objects:  11% (5/42)
[2026-03-26 01:45:43.938213] Receiving objects:  14% (6/42)
[2026-03-26 01:45:43.951041] Receiving objects:  16% (7/42)
[2026-03-26 01:45:43.960035] Receiving objects:  19% (8/42)
[2026-03-26 01:45:43.972980] Receiving objects:  21% (9/42)
[2026-03-26 01:45:43.980118] Receiving objects:  23% (10/42)
[2026-03-26 01:45:43.984146] Receiving objects:  26% (11/42)
[2026-03-26 01:45:43.993769] Receiving objects:  28% (12/42)
[2026-03-26 01:45:44.015585] Receiving objects:  30% (13/42)
[2026-03-26 01:45:44.031342] Receiving objects:  33% (14/42)
[2026-03-26 01:45:44.048260] Receiving objects:  35% (15/42)
[2026-03-26 01:45:44.060215] Receiving objects:  38% (16/42)
[2026-03-26 01:45:44.070062] remote: Total 42 (delta 9), reused 0 (delta 0), pack-reused 0 (from 0)
[2026-03-26 01:45:44.084292] Receiving objects:  40% (17/42)
[2026-03-26 01:45:44.090722] Receiving objects:  42% (18/42)
[2026-03-26 01:45:44.107706] Receiving objects:  45% (19/42)
[2026-03-26 01:45:44.137734] Receiving objects:  47% (20/42)
[2026-03-26 01:45:44.146655] Receiving objects:  50% (21/42)
[2026-03-26 01:45:44.158315] Receiving objects:  52% (22/42)
[2026-03-26 01:45:44.165630] Receiving objects:  54% (23/42)
[2026-03-26 01:45:44.170698] Receiving objects:  57% (24/42)
[2026-03-26 01:45:44.187781] Receiving objects:  59% (25/42)
[2026-03-26 01:45:44.199100] Receiving objects:  61% (26/42)
[2026-03-26 01:45:44.206328] Receiving objects:  64% (27/42)
[2026-03-26 01:45:44.212836] Receiving objects:  66% (28/42)
[2026-03-26 01:45:44.220863] Receiving objects:  69% (29/42)
[2026-03-26 01:45:44.222730] Receiving objects:  71% (30/42)
[2026-03-26 01:45:44.225722] Receiving objects:  73% (31/42)
[2026-03-26 01:45:44.232785] Receiving objects:  76% (32/42)
[2026-03-26 01:45:44.236654] Receiving objects:  78% (33/42)
[2026-03-26 01:45:44.241707] Receiving objects:  80% (34/42)
[2026-03-26 01:45:44.244086] Receiving objects:  83% (35/42)
[2026-03-26 01:45:44.249660] Receiving objects:  85% (36/42)
[2026-03-26 01:45:44.250517] Receiving objects:  88% (37/42)
[2026-03-26 01:45:44.268402] Receiving objects:  90% (38/42)
[2026-03-26 01:45:44.271409] Receiving objects:  92% (39/42)
[2026-03-26 01:45:44.278696] Receiving objects:  95% (40/42)
[2026-03-26 01:45:44.285363] Receiving objects:  97% (41/42)
[2026-03-26 01:45:44.292236] Receiving objects: 100% (42/42)
[2026-03-26 01:45:44.292236] Receiving objects: 100% (42/42), 44.93 KiB | 3.74 MiB/s, done.
[2026-03-26 01:45:44.297407] Resolving deltas:   0% (0/9)
[2026-03-26 01:45:44.306302] Resolving deltas:  11% (1/9)
[2026-03-26 01:45:44.313244] Resolving deltas:  22% (2/9)
[2026-03-26 01:45:44.320117] Resolving deltas:  33% (3/9)
[2026-03-26 01:45:44.320928] Resolving deltas:  44% (4/9)
[2026-03-26 01:45:44.328616] Resolving deltas:  55% (5/9)
[2026-03-26 01:45:44.333289] Resolving deltas:  66% (6/9)
[2026-03-26 01:45:44.340793] Resolving deltas:  77% (7/9)
[2026-03-26 01:45:44.345993] Resolving deltas:  88% (8/9)
[2026-03-26 01:45:44.354852] Resolving deltas: 100% (9/9)
[2026-03-26 01:45:44.417722] Resolving deltas: 100% (9/9), done.
[2026-03-26 01:45:44.507690] ✓ Done
[2026-03-26 01:45:44.508405] No requirements.txt found, skipping dependency install
[2026-03-26 01:45:44.508405] === DEPLOY SUCCESS in 4.95s ===
